        -:    0:Source:catch.hpp
        -:    1:/*
        -:    2: *  Catch v1.12.1
        -:    3: *  Generated: 2018-03-02 21:17:41.036711
        -:    4: *  ----------------------------------------------------------
        -:    5: *  This file has been merged from multiple headers. Please don't edit it directly
        -:    6: *  Copyright (c) 2012 Two Blue Cubes Ltd. All rights reserved.
        -:    7: *
        -:    8: *  Distributed under the Boost Software License, Version 1.0. (See accompanying
        -:    9: *  file LICENSE_1_0.txt or copy at http://www.boost.org/LICENSE_1_0.txt)
        -:   10: */
        -:   11:#ifndef TWOBLUECUBES_SINGLE_INCLUDE_CATCH_HPP_INCLUDED
        -:   12:#define TWOBLUECUBES_SINGLE_INCLUDE_CATCH_HPP_INCLUDED
        -:   13:
        -:   14:#define TWOBLUECUBES_CATCH_HPP_INCLUDED
        -:   15:
        -:   16:#ifdef __clang__
        -:   17:#    pragma clang system_header
        -:   18:#elif defined __GNUC__
        -:   19:#    pragma GCC system_header
        -:   20:#endif
        -:   21:
        -:   22:// #included from: internal/catch_suppress_warnings.h
        -:   23:
        -:   24:#ifdef __clang__
        -:   25:#   ifdef __ICC // icpc defines the __clang__ macro
        -:   26:#       pragma warning(push)
        -:   27:#       pragma warning(disable: 161 1682)
        -:   28:#   else // __ICC
        -:   29:#       pragma clang diagnostic ignored "-Wglobal-constructors"
        -:   30:#       pragma clang diagnostic ignored "-Wvariadic-macros"
        -:   31:#       pragma clang diagnostic ignored "-Wc99-extensions"
        -:   32:#       pragma clang diagnostic ignored "-Wunused-variable"
        -:   33:#       pragma clang diagnostic push
        -:   34:#       pragma clang diagnostic ignored "-Wpadded"
        -:   35:#       pragma clang diagnostic ignored "-Wc++98-compat"
        -:   36:#       pragma clang diagnostic ignored "-Wc++98-compat-pedantic"
        -:   37:#       pragma clang diagnostic ignored "-Wswitch-enum"
        -:   38:#       pragma clang diagnostic ignored "-Wcovered-switch-default"
        -:   39:#    endif
        -:   40:#elif defined __GNUC__
        -:   41:#    pragma GCC diagnostic ignored "-Wvariadic-macros"
        -:   42:#    pragma GCC diagnostic ignored "-Wunused-variable"
        -:   43:#    pragma GCC diagnostic ignored "-Wparentheses"
        -:   44:
        -:   45:#    pragma GCC diagnostic push
        -:   46:#    pragma GCC diagnostic ignored "-Wpadded"
        -:   47:#endif
        -:   48:#if defined(CATCH_CONFIG_MAIN) || defined(CATCH_CONFIG_RUNNER)
        -:   49:#  define CATCH_IMPL
        -:   50:#endif
        -:   51:
        -:   52:#ifdef CATCH_IMPL
        -:   53:#  ifndef CLARA_CONFIG_MAIN
        -:   54:#    define CLARA_CONFIG_MAIN_NOT_DEFINED
        -:   55:#    define CLARA_CONFIG_MAIN
        -:   56:#  endif
        -:   57:#endif
        -:   58:
        -:   59:// #included from: internal/catch_notimplemented_exception.h
        -:   60:#define TWOBLUECUBES_CATCH_NOTIMPLEMENTED_EXCEPTION_H_INCLUDED
        -:   61:
        -:   62:// #included from: catch_common.h
        -:   63:#define TWOBLUECUBES_CATCH_COMMON_H_INCLUDED
        -:   64:
        -:   65:// #included from: catch_compiler_capabilities.h
        -:   66:#define TWOBLUECUBES_CATCH_COMPILER_CAPABILITIES_HPP_INCLUDED
        -:   67:
        -:   68:// Detect a number of compiler features - mostly C++11/14 conformance - by compiler
        -:   69:// The following features are defined:
        -:   70://
        -:   71:// CATCH_CONFIG_CPP11_NULLPTR : is nullptr supported?
        -:   72:// CATCH_CONFIG_CPP11_NOEXCEPT : is noexcept supported?
        -:   73:// CATCH_CONFIG_CPP11_GENERATED_METHODS : The delete and default keywords for compiler generated methods
        -:   74:// CATCH_CONFIG_CPP11_IS_ENUM : std::is_enum is supported?
        -:   75:// CATCH_CONFIG_CPP11_TUPLE : std::tuple is supported
        -:   76:// CATCH_CONFIG_CPP11_LONG_LONG : is long long supported?
        -:   77:// CATCH_CONFIG_CPP11_OVERRIDE : is override supported?
        -:   78:// CATCH_CONFIG_CPP11_UNIQUE_PTR : is unique_ptr supported (otherwise use auto_ptr)
        -:   79:// CATCH_CONFIG_CPP11_SHUFFLE : is std::shuffle supported?
        -:   80:// CATCH_CONFIG_CPP11_TYPE_TRAITS : are type_traits and enable_if supported?
        -:   81:
        -:   82:// CATCH_CONFIG_CPP11_OR_GREATER : Is C++11 supported?
        -:   83:
        -:   84:// CATCH_CONFIG_VARIADIC_MACROS : are variadic macros supported?
        -:   85:// CATCH_CONFIG_COUNTER : is the __COUNTER__ macro supported?
        -:   86:// CATCH_CONFIG_WINDOWS_SEH : is Windows SEH supported?
        -:   87:// CATCH_CONFIG_POSIX_SIGNALS : are POSIX signals supported?
        -:   88:// ****************
        -:   89:// Note to maintainers: if new toggles are added please document them
        -:   90:// in configuration.md, too
        -:   91:// ****************
        -:   92:
        -:   93:// In general each macro has a _NO_<feature name> form
        -:   94:// (e.g. CATCH_CONFIG_CPP11_NO_NULLPTR) which disables the feature.
        -:   95:// Many features, at point of detection, define an _INTERNAL_ macro, so they
        -:   96:// can be combined, en-mass, with the _NO_ forms later.
        -:   97:
        -:   98:// All the C++11 features can be disabled with CATCH_CONFIG_NO_CPP11
        -:   99:
        -:  100:#ifdef __cplusplus
        -:  101:
        -:  102:#  if __cplusplus >= 201103L
        -:  103:#    define CATCH_CPP11_OR_GREATER
        -:  104:#  endif
        -:  105:
        -:  106:#  if __cplusplus >= 201402L
        -:  107:#    define CATCH_CPP14_OR_GREATER
        -:  108:#  endif
        -:  109:
        -:  110:#endif
        -:  111:
        -:  112:#ifdef __clang__
        -:  113:
        -:  114:#  if __has_feature(cxx_nullptr)
        -:  115:#    define CATCH_INTERNAL_CONFIG_CPP11_NULLPTR
        -:  116:#  endif
        -:  117:
        -:  118:#  if __has_feature(cxx_noexcept)
        -:  119:#    define CATCH_INTERNAL_CONFIG_CPP11_NOEXCEPT
        -:  120:#  endif
        -:  121:
        -:  122:#   if defined(CATCH_CPP11_OR_GREATER)
        -:  123:#       define CATCH_INTERNAL_SUPPRESS_ETD_WARNINGS \
        -:  124:            _Pragma( "clang diagnostic push" ) \
        -:  125:            _Pragma( "clang diagnostic ignored \"-Wexit-time-destructors\"" )
        -:  126:#       define CATCH_INTERNAL_UNSUPPRESS_ETD_WARNINGS \
        -:  127:            _Pragma( "clang diagnostic pop" )
        -:  128:
        -:  129:#       define CATCH_INTERNAL_SUPPRESS_PARENTHESES_WARNINGS \
        -:  130:            _Pragma( "clang diagnostic push" ) \
        -:  131:            _Pragma( "clang diagnostic ignored \"-Wparentheses\"" )
        -:  132:#       define CATCH_INTERNAL_UNSUPPRESS_PARENTHESES_WARNINGS \
        -:  133:            _Pragma( "clang diagnostic pop" )
        -:  134:#   endif
        -:  135:
        -:  136:#endif // __clang__
        -:  137:
        -:  138:////////////////////////////////////////////////////////////////////////////////
        -:  139:// We know some environments not to support full POSIX signals
        -:  140:#if defined(__CYGWIN__) || defined(__QNX__)
        -:  141:
        -:  142:#   if !defined(CATCH_CONFIG_POSIX_SIGNALS)
        -:  143:#       define CATCH_INTERNAL_CONFIG_NO_POSIX_SIGNALS
        -:  144:#   endif
        -:  145:
        -:  146:#endif
        -:  147:
        -:  148:#ifdef __OS400__
        -:  149:#       define CATCH_INTERNAL_CONFIG_NO_POSIX_SIGNALS
        -:  150:#       define CATCH_CONFIG_COLOUR_NONE
        -:  151:#endif
        -:  152:
        -:  153:////////////////////////////////////////////////////////////////////////////////
        -:  154:// Cygwin
        -:  155:#ifdef __CYGWIN__
        -:  156:
        -:  157:// Required for some versions of Cygwin to declare gettimeofday
        -:  158:// see: http://stackoverflow.com/questions/36901803/gettimeofday-not-declared-in-this-scope-cygwin
        -:  159:#   define _BSD_SOURCE
        -:  160:
        -:  161:#endif // __CYGWIN__
        -:  162:
        -:  163:////////////////////////////////////////////////////////////////////////////////
        -:  164:// Borland
        -:  165:#ifdef __BORLANDC__
        -:  166:
        -:  167:#endif // __BORLANDC__
        -:  168:
        -:  169:////////////////////////////////////////////////////////////////////////////////
        -:  170:// EDG
        -:  171:#ifdef __EDG_VERSION__
        -:  172:
        -:  173:#endif // __EDG_VERSION__
        -:  174:
        -:  175:////////////////////////////////////////////////////////////////////////////////
        -:  176:// Digital Mars
        -:  177:#ifdef __DMC__
        -:  178:
        -:  179:#endif // __DMC__
        -:  180:
        -:  181:////////////////////////////////////////////////////////////////////////////////
        -:  182:// GCC
        -:  183:#ifdef __GNUC__
        -:  184:
        -:  185:#   if __GNUC__ == 4 && __GNUC_MINOR__ >= 6 && defined(__GXX_EXPERIMENTAL_CXX0X__)
        -:  186:#       define CATCH_INTERNAL_CONFIG_CPP11_NULLPTR
        -:  187:#   endif
        -:  188:
        -:  189:// - otherwise more recent versions define __cplusplus >= 201103L
        -:  190:// and will get picked up below
        -:  191:
        -:  192:#endif // __GNUC__
        -:  193:
        -:  194:////////////////////////////////////////////////////////////////////////////////
        -:  195:// Visual C++
        -:  196:#ifdef _MSC_VER
        -:  197:
        -:  198:#define CATCH_INTERNAL_CONFIG_WINDOWS_SEH
        -:  199:
        -:  200:#if (_MSC_VER >= 1600)
        -:  201:#   define CATCH_INTERNAL_CONFIG_CPP11_NULLPTR
        -:  202:#   define CATCH_INTERNAL_CONFIG_CPP11_UNIQUE_PTR
        -:  203:#endif
        -:  204:
        -:  205:#if (_MSC_VER >= 1900 ) // (VC++ 13 (VS2015))
        -:  206:#define CATCH_INTERNAL_CONFIG_CPP11_NOEXCEPT
        -:  207:#define CATCH_INTERNAL_CONFIG_CPP11_GENERATED_METHODS
        -:  208:#define CATCH_INTERNAL_CONFIG_CPP11_SHUFFLE
        -:  209:#define CATCH_INTERNAL_CONFIG_CPP11_TYPE_TRAITS
        -:  210:#endif
        -:  211:
        -:  212:#endif // _MSC_VER
        -:  213:
        -:  214:////////////////////////////////////////////////////////////////////////////////
        -:  215:
        -:  216:// Use variadic macros if the compiler supports them
        -:  217:#if ( defined _MSC_VER && _MSC_VER > 1400 && !defined __EDGE__) || \
        -:  218:    ( defined __WAVE__ && __WAVE_HAS_VARIADICS ) || \
        -:  219:    ( defined __GNUC__ && __GNUC__ >= 3 ) || \
        -:  220:    ( !defined __cplusplus && __STDC_VERSION__ >= 199901L || __cplusplus >= 201103L )
        -:  221:
        -:  222:#define CATCH_INTERNAL_CONFIG_VARIADIC_MACROS
        -:  223:
        -:  224:#endif
        -:  225:
        -:  226:// Use __COUNTER__ if the compiler supports it
        -:  227:#if ( defined _MSC_VER && _MSC_VER >= 1300 ) || \
        -:  228:    ( defined __GNUC__  && ( __GNUC__ > 4 || (__GNUC__ == 4 && __GNUC_MINOR__ >= 3 )) ) || \
        -:  229:    ( defined __clang__ && __clang_major__ >= 3 )
        -:  230:
        -:  231:// Use of __COUNTER__ is suppressed during code analysis in CLion/AppCode 2017.2.x and former,
        -:  232:// because __COUNTER__ is not properly handled by it.
        -:  233:// This does not affect compilation
        -:  234:#if ( !defined __JETBRAINS_IDE__ || __JETBRAINS_IDE__ >= 20170300L )
        -:  235:    #define CATCH_INTERNAL_CONFIG_COUNTER
        -:  236:#endif
        -:  237:
        -:  238:#endif
        -:  239:
        -:  240:////////////////////////////////////////////////////////////////////////////////
        -:  241:// C++ language feature support
        -:  242:
        -:  243:// catch all support for C++11
        -:  244:#if defined(CATCH_CPP11_OR_GREATER)
        -:  245:
        -:  246:#  if !defined(CATCH_INTERNAL_CONFIG_CPP11_NULLPTR)
        -:  247:#    define CATCH_INTERNAL_CONFIG_CPP11_NULLPTR
        -:  248:#  endif
        -:  249:
        -:  250:#  ifndef CATCH_INTERNAL_CONFIG_CPP11_NOEXCEPT
        -:  251:#    define CATCH_INTERNAL_CONFIG_CPP11_NOEXCEPT
        -:  252:#  endif
        -:  253:
        -:  254:#  ifndef CATCH_INTERNAL_CONFIG_CPP11_GENERATED_METHODS
        -:  255:#    define CATCH_INTERNAL_CONFIG_CPP11_GENERATED_METHODS
        -:  256:#  endif
        -:  257:
        -:  258:#  ifndef CATCH_INTERNAL_CONFIG_CPP11_IS_ENUM
        -:  259:#    define CATCH_INTERNAL_CONFIG_CPP11_IS_ENUM
        -:  260:#  endif
        -:  261:
        -:  262:#  ifndef CATCH_INTERNAL_CONFIG_CPP11_TUPLE
        -:  263:#    define CATCH_INTERNAL_CONFIG_CPP11_TUPLE
        -:  264:#  endif
        -:  265:
        -:  266:#  ifndef CATCH_INTERNAL_CONFIG_VARIADIC_MACROS
        -:  267:#    define CATCH_INTERNAL_CONFIG_VARIADIC_MACROS
        -:  268:#  endif
        -:  269:
        -:  270:#  if !defined(CATCH_INTERNAL_CONFIG_CPP11_LONG_LONG)
        -:  271:#    define CATCH_INTERNAL_CONFIG_CPP11_LONG_LONG
        -:  272:#  endif
        -:  273:
        -:  274:#  if !defined(CATCH_INTERNAL_CONFIG_CPP11_OVERRIDE)
        -:  275:#    define CATCH_INTERNAL_CONFIG_CPP11_OVERRIDE
        -:  276:#  endif
        -:  277:#  if !defined(CATCH_INTERNAL_CONFIG_CPP11_UNIQUE_PTR)
        -:  278:#    define CATCH_INTERNAL_CONFIG_CPP11_UNIQUE_PTR
        -:  279:#  endif
        -:  280:# if !defined(CATCH_INTERNAL_CONFIG_CPP11_SHUFFLE)
        -:  281:#   define CATCH_INTERNAL_CONFIG_CPP11_SHUFFLE
        -:  282:#  endif
        -:  283:# if !defined(CATCH_INTERNAL_CONFIG_CPP11_TYPE_TRAITS)
        -:  284:#  define CATCH_INTERNAL_CONFIG_CPP11_TYPE_TRAITS
        -:  285:# endif
        -:  286:
        -:  287:#endif // __cplusplus >= 201103L
        -:  288:
        -:  289:// Now set the actual defines based on the above + anything the user has configured
        -:  290:#if defined(CATCH_INTERNAL_CONFIG_CPP11_NULLPTR) && !defined(CATCH_CONFIG_CPP11_NO_NULLPTR) && !defined(CATCH_CONFIG_CPP11_NULLPTR) && !defined(CATCH_CONFIG_NO_CPP11)
        -:  291:#   define CATCH_CONFIG_CPP11_NULLPTR
        -:  292:#endif
        -:  293:#if defined(CATCH_INTERNAL_CONFIG_CPP11_NOEXCEPT) && !defined(CATCH_CONFIG_CPP11_NO_NOEXCEPT) && !defined(CATCH_CONFIG_CPP11_NOEXCEPT) && !defined(CATCH_CONFIG_NO_CPP11)
        -:  294:#   define CATCH_CONFIG_CPP11_NOEXCEPT
        -:  295:#endif
        -:  296:#if defined(CATCH_INTERNAL_CONFIG_CPP11_GENERATED_METHODS) && !defined(CATCH_CONFIG_CPP11_NO_GENERATED_METHODS) && !defined(CATCH_CONFIG_CPP11_GENERATED_METHODS) && !defined(CATCH_CONFIG_NO_CPP11)
        -:  297:#   define CATCH_CONFIG_CPP11_GENERATED_METHODS
        -:  298:#endif
        -:  299:#if defined(CATCH_INTERNAL_CONFIG_CPP11_IS_ENUM) && !defined(CATCH_CONFIG_CPP11_NO_IS_ENUM) && !defined(CATCH_CONFIG_CPP11_IS_ENUM) && !defined(CATCH_CONFIG_NO_CPP11)
        -:  300:#   define CATCH_CONFIG_CPP11_IS_ENUM
        -:  301:#endif
        -:  302:#if defined(CATCH_INTERNAL_CONFIG_CPP11_TUPLE) && !defined(CATCH_CONFIG_CPP11_NO_TUPLE) && !defined(CATCH_CONFIG_CPP11_TUPLE) && !defined(CATCH_CONFIG_NO_CPP11)
        -:  303:#   define CATCH_CONFIG_CPP11_TUPLE
        -:  304:#endif
        -:  305:#if defined(CATCH_INTERNAL_CONFIG_VARIADIC_MACROS) && !defined(CATCH_CONFIG_NO_VARIADIC_MACROS) && !defined(CATCH_CONFIG_VARIADIC_MACROS)
        -:  306:#   define CATCH_CONFIG_VARIADIC_MACROS
        -:  307:#endif
        -:  308:#if defined(CATCH_INTERNAL_CONFIG_CPP11_LONG_LONG) && !defined(CATCH_CONFIG_CPP11_NO_LONG_LONG) && !defined(CATCH_CONFIG_CPP11_LONG_LONG) && !defined(CATCH_CONFIG_NO_CPP11)
        -:  309:#   define CATCH_CONFIG_CPP11_LONG_LONG
        -:  310:#endif
        -:  311:#if defined(CATCH_INTERNAL_CONFIG_CPP11_OVERRIDE) && !defined(CATCH_CONFIG_CPP11_NO_OVERRIDE) && !defined(CATCH_CONFIG_CPP11_OVERRIDE) && !defined(CATCH_CONFIG_NO_CPP11)
        -:  312:#   define CATCH_CONFIG_CPP11_OVERRIDE
        -:  313:#endif
        -:  314:#if defined(CATCH_INTERNAL_CONFIG_CPP11_UNIQUE_PTR) && !defined(CATCH_CONFIG_CPP11_NO_UNIQUE_PTR) && !defined(CATCH_CONFIG_CPP11_UNIQUE_PTR) && !defined(CATCH_CONFIG_NO_CPP11)
        -:  315:#   define CATCH_CONFIG_CPP11_UNIQUE_PTR
        -:  316:#endif
        -:  317:#if defined(CATCH_INTERNAL_CONFIG_COUNTER) && !defined(CATCH_CONFIG_NO_COUNTER) && !defined(CATCH_CONFIG_COUNTER)
        -:  318:#   define CATCH_CONFIG_COUNTER
        -:  319:#endif
        -:  320:#if defined(CATCH_INTERNAL_CONFIG_CPP11_SHUFFLE) && !defined(CATCH_CONFIG_CPP11_NO_SHUFFLE) && !defined(CATCH_CONFIG_CPP11_SHUFFLE) && !defined(CATCH_CONFIG_NO_CPP11)
        -:  321:#   define CATCH_CONFIG_CPP11_SHUFFLE
        -:  322:#endif
        -:  323:# if defined(CATCH_INTERNAL_CONFIG_CPP11_TYPE_TRAITS) && !defined(CATCH_CONFIG_CPP11_NO_TYPE_TRAITS) && !defined(CATCH_CONFIG_CPP11_TYPE_TRAITS) && !defined(CATCH_CONFIG_NO_CPP11)
        -:  324:#  define CATCH_CONFIG_CPP11_TYPE_TRAITS
        -:  325:# endif
        -:  326:#if defined(CATCH_INTERNAL_CONFIG_WINDOWS_SEH) && !defined(CATCH_CONFIG_NO_WINDOWS_SEH) && !defined(CATCH_CONFIG_WINDOWS_SEH)
        -:  327:#   define CATCH_CONFIG_WINDOWS_SEH
        -:  328:#endif
        -:  329:// This is set by default, because we assume that unix compilers are posix-signal-compatible by default.
        -:  330:#if !defined(CATCH_INTERNAL_CONFIG_NO_POSIX_SIGNALS) && !defined(CATCH_CONFIG_NO_POSIX_SIGNALS) && !defined(CATCH_CONFIG_POSIX_SIGNALS)
        -:  331:#   define CATCH_CONFIG_POSIX_SIGNALS
        -:  332:#endif
        -:  333:
        -:  334:#if !defined(CATCH_INTERNAL_SUPPRESS_PARENTHESES_WARNINGS)
        -:  335:#   define CATCH_INTERNAL_SUPPRESS_PARENTHESES_WARNINGS
        -:  336:#   define CATCH_INTERNAL_UNSUPPRESS_PARENTHESES_WARNINGS
        -:  337:#endif
        -:  338:#if !defined(CATCH_INTERNAL_SUPPRESS_ETD_WARNINGS)
        -:  339:#   define CATCH_INTERNAL_SUPPRESS_ETD_WARNINGS
        -:  340:#   define CATCH_INTERNAL_UNSUPPRESS_ETD_WARNINGS
        -:  341:#endif
        -:  342:
        -:  343:// noexcept support:
        -:  344:#if defined(CATCH_CONFIG_CPP11_NOEXCEPT) && !defined(CATCH_NOEXCEPT)
        -:  345:#  define CATCH_NOEXCEPT noexcept
        -:  346:#  define CATCH_NOEXCEPT_IS(x) noexcept(x)
        -:  347:#else
        -:  348:#  define CATCH_NOEXCEPT throw()
        -:  349:#  define CATCH_NOEXCEPT_IS(x)
        -:  350:#endif
        -:  351:
        -:  352:// nullptr support
        -:  353:#ifdef CATCH_CONFIG_CPP11_NULLPTR
        -:  354:#   define CATCH_NULL nullptr
        -:  355:#else
        -:  356:#   define CATCH_NULL NULL
        -:  357:#endif
        -:  358:
        -:  359:// override support
        -:  360:#ifdef CATCH_CONFIG_CPP11_OVERRIDE
        -:  361:#   define CATCH_OVERRIDE override
        -:  362:#else
        -:  363:#   define CATCH_OVERRIDE
        -:  364:#endif
        -:  365:
        -:  366:// unique_ptr support
        -:  367:#ifdef CATCH_CONFIG_CPP11_UNIQUE_PTR
        -:  368:#   define CATCH_AUTO_PTR( T ) std::unique_ptr<T>
        -:  369:#else
        -:  370:#   define CATCH_AUTO_PTR( T ) std::auto_ptr<T>
        -:  371:#endif
        -:  372:
        -:  373:#define INTERNAL_CATCH_UNIQUE_NAME_LINE2( name, line ) name##line
        -:  374:#define INTERNAL_CATCH_UNIQUE_NAME_LINE( name, line ) INTERNAL_CATCH_UNIQUE_NAME_LINE2( name, line )
        -:  375:#ifdef CATCH_CONFIG_COUNTER
        -:  376:#  define INTERNAL_CATCH_UNIQUE_NAME( name ) INTERNAL_CATCH_UNIQUE_NAME_LINE( name, __COUNTER__ )
        -:  377:#else
        -:  378:#  define INTERNAL_CATCH_UNIQUE_NAME( name ) INTERNAL_CATCH_UNIQUE_NAME_LINE( name, __LINE__ )
        -:  379:#endif
        -:  380:
        -:  381:#define INTERNAL_CATCH_STRINGIFY2( expr ) #expr
        -:  382:#define INTERNAL_CATCH_STRINGIFY( expr ) INTERNAL_CATCH_STRINGIFY2( expr )
        -:  383:
        -:  384:#include <sstream>
        -:  385:#include <algorithm>
        -:  386:
        -:  387:namespace Catch {
        -:  388:
        -:  389:    struct IConfig;
        -:  390:
        -:  391:    struct CaseSensitive { enum Choice {
        -:  392:        Yes,
        -:  393:        No
        -:  394:    }; };
        -:  395:
        -:  396:    class NonCopyable {
        -:  397:#ifdef CATCH_CONFIG_CPP11_GENERATED_METHODS
        -:  398:        NonCopyable( NonCopyable const& )              = delete;
        -:  399:        NonCopyable( NonCopyable && )                  = delete;
        -:  400:        NonCopyable& operator = ( NonCopyable const& ) = delete;
        -:  401:        NonCopyable& operator = ( NonCopyable && )     = delete;
        -:  402:#else
        -:  403:        NonCopyable( NonCopyable const& info );
        -:  404:        NonCopyable& operator = ( NonCopyable const& );
        -:  405:#endif
        -:  406:
        -:  407:    protected:
       54:  408:        NonCopyable() {}
        -:  409:        virtual ~NonCopyable();
        -:  410:    };
        -:  411:
        -:  412:    class SafeBool {
        -:  413:    public:
        -:  414:        typedef void (SafeBool::*type)() const;
        -:  415:
        3:  416:        static type makeSafe( bool value ) {
        3:  417:            return value ? &SafeBool::trueValue : 0;
        -:  418:        }
        -:  419:    private:
    #####:  420:        void trueValue() const {}
        -:  421:    };
        -:  422:
        -:  423:    template<typename ContainerT>
       1*:  424:    void deleteAll( ContainerT& container ) {
       1*:  425:        typename ContainerT::const_iterator it = container.begin();
       1*:  426:        typename ContainerT::const_iterator itEnd = container.end();
       1*:  427:        for(; it != itEnd; ++it )
    #####:  428:            delete *it;
       1*:  429:    }
------------------
_ZN5Catch9deleteAllISt6vectorIPNS_14IGeneratorInfoESaIS3_EEEEvRT_:
    #####:  424:    void deleteAll( ContainerT& container ) {
    #####:  425:        typename ContainerT::const_iterator it = container.begin();
    #####:  426:        typename ContainerT::const_iterator itEnd = container.end();
    #####:  427:        for(; it != itEnd; ++it )
    #####:  428:            delete *it;
    #####:  429:    }
------------------
_ZN5Catch9deleteAllISt6vectorIPKNS_20IExceptionTranslatorESaIS4_EEEEvRT_:
        1:  424:    void deleteAll( ContainerT& container ) {
        1:  425:        typename ContainerT::const_iterator it = container.begin();
        1:  426:        typename ContainerT::const_iterator itEnd = container.end();
       1*:  427:        for(; it != itEnd; ++it )
    #####:  428:            delete *it;
        1:  429:    }
------------------
        -:  430:    template<typename AssociativeContainerT>
        1:  431:    void deleteAllValues( AssociativeContainerT& container ) {
        1:  432:        typename AssociativeContainerT::const_iterator it = container.begin();
        1:  433:        typename AssociativeContainerT::const_iterator itEnd = container.end();
       1*:  434:        for(; it != itEnd; ++it )
    #####:  435:            delete it->second;
        1:  436:    }
        -:  437:
        -:  438:    bool startsWith( std::string const& s, std::string const& prefix );
        -:  439:    bool startsWith( std::string const& s, char prefix );
        -:  440:    bool endsWith( std::string const& s, std::string const& suffix );
        -:  441:    bool endsWith( std::string const& s, char suffix );
        -:  442:    bool contains( std::string const& s, std::string const& infix );
        -:  443:    void toLowerInPlace( std::string& s );
        -:  444:    std::string toLower( std::string const& s );
        -:  445:    std::string trim( std::string const& str );
        -:  446:    bool replaceInPlace( std::string& str, std::string const& replaceThis, std::string const& withThis );
        -:  447:
        -:  448:    struct pluralise {
        -:  449:        pluralise( std::size_t count, std::string const& label );
        -:  450:
        -:  451:        friend std::ostream& operator << ( std::ostream& os, pluralise const& pluraliser );
        -:  452:
        -:  453:        std::size_t m_count;
        -:  454:        std::string m_label;
        -:  455:    };
        -:  456:
        -:  457:    struct SourceLineInfo {
        -:  458:
        -:  459:        SourceLineInfo();
        -:  460:        SourceLineInfo( char const* _file, std::size_t _line );
        -:  461:#  ifdef CATCH_CONFIG_CPP11_GENERATED_METHODS
        -:  462:        SourceLineInfo(SourceLineInfo const& other)          = default;
        -:  463:        SourceLineInfo( SourceLineInfo && )                  = default;
        -:  464:        SourceLineInfo& operator = ( SourceLineInfo const& ) = default;
        -:  465:        SourceLineInfo& operator = ( SourceLineInfo && )     = default;
        -:  466:#  endif
        -:  467:        bool empty() const;
        -:  468:        bool operator == ( SourceLineInfo const& other ) const;
        -:  469:        bool operator < ( SourceLineInfo const& other ) const;
        -:  470:
        -:  471:        char const* file;
        -:  472:        std::size_t line;
        -:  473:    };
        -:  474:
        -:  475:    std::ostream& operator << ( std::ostream& os, SourceLineInfo const& info );
        -:  476:
        -:  477:    // This is just here to avoid compiler warnings with macro constants and boolean literals
        6:  478:    inline bool isTrue( bool value ){ return value; }
    #####:  479:    inline bool alwaysTrue() { return true; }
        -:  480:    inline bool alwaysFalse() { return false; }
        -:  481:
        -:  482:    void throwLogicError( std::string const& message, SourceLineInfo const& locationInfo );
        -:  483:
        -:  484:    void seedRng( IConfig const& config );
        -:  485:    unsigned int rngSeed();
        -:  486:
        -:  487:    // Use this in variadic streaming macros to allow
        -:  488:    //    >> +StreamEndStop
        -:  489:    // as well as
        -:  490:    //    >> stuff +StreamEndStop
        -:  491:    struct StreamEndStop {
        -:  492:        std::string operator+() {
        -:  493:            return std::string();
        -:  494:        }
        -:  495:    };
        -:  496:    template<typename T>
        -:  497:    T const& operator + ( T const& value, StreamEndStop ) {
        -:  498:        return value;
        -:  499:    }
        -:  500:}
        -:  501:
        -:  502:#define CATCH_INTERNAL_LINEINFO ::Catch::SourceLineInfo( __FILE__, static_cast<std::size_t>( __LINE__ ) )
        -:  503:#define CATCH_INTERNAL_ERROR( msg ) ::Catch::throwLogicError( msg, CATCH_INTERNAL_LINEINFO );
        -:  504:
        -:  505:namespace Catch {
        -:  506:
        -:  507:    class NotImplementedException : public std::exception
        -:  508:    {
        -:  509:    public:
        -:  510:        NotImplementedException( SourceLineInfo const& lineInfo );
        -:  511:
    #####:  512:        virtual ~NotImplementedException() CATCH_NOEXCEPT {}
------------------
_ZN5Catch23NotImplementedExceptionD0Ev:
    #####:  512:        virtual ~NotImplementedException() CATCH_NOEXCEPT {}
------------------
_ZN5Catch23NotImplementedExceptionD2Ev:
    #####:  512:        virtual ~NotImplementedException() CATCH_NOEXCEPT {}
------------------
        -:  513:
        -:  514:        virtual const char* what() const CATCH_NOEXCEPT;
        -:  515:
        -:  516:    private:
        -:  517:        std::string m_what;
        -:  518:        SourceLineInfo m_lineInfo;
        -:  519:    };
        -:  520:
        -:  521:} // end namespace Catch
        -:  522:
        -:  523:///////////////////////////////////////////////////////////////////////////////
        -:  524:#define CATCH_NOT_IMPLEMENTED throw Catch::NotImplementedException( CATCH_INTERNAL_LINEINFO )
        -:  525:
        -:  526:// #included from: internal/catch_context.h
        -:  527:#define TWOBLUECUBES_CATCH_CONTEXT_H_INCLUDED
        -:  528:
        -:  529:// #included from: catch_interfaces_generators.h
        -:  530:#define TWOBLUECUBES_CATCH_INTERFACES_GENERATORS_H_INCLUDED
        -:  531:
        -:  532:#include <string>
        -:  533:
        -:  534:namespace Catch {
        -:  535:
        -:  536:    struct IGeneratorInfo {
        -:  537:        virtual ~IGeneratorInfo();
        -:  538:        virtual bool moveNext() = 0;
        -:  539:        virtual std::size_t getCurrentIndex() const = 0;
        -:  540:    };
        -:  541:
        -:  542:    struct IGeneratorsForTest {
        -:  543:        virtual ~IGeneratorsForTest();
        -:  544:
        -:  545:        virtual IGeneratorInfo& getGeneratorInfo( std::string const& fileInfo, std::size_t size ) = 0;
        -:  546:        virtual bool moveNext() = 0;
        -:  547:    };
        -:  548:
        -:  549:    IGeneratorsForTest* createGeneratorsForTest();
        -:  550:
        -:  551:} // end namespace Catch
        -:  552:
        -:  553:// #included from: catch_ptr.hpp
        -:  554:#define TWOBLUECUBES_CATCH_PTR_HPP_INCLUDED
        -:  555:
        -:  556:#ifdef __clang__
        -:  557:#pragma clang diagnostic push
        -:  558:#pragma clang diagnostic ignored "-Wpadded"
        -:  559:#endif
        -:  560:
        -:  561:namespace Catch {
        -:  562:
        -:  563:    // An intrusive reference counting smart pointer.
        -:  564:    // T must implement addRef() and release() methods
        -:  565:    // typically implementing the IShared interface
        -:  566:    template<typename T>
        -:  567:    class Ptr {
        -:  568:    public:
       4*:  569:        Ptr() : m_p( CATCH_NULL ){}
------------------
_ZN5Catch3PtrINS_22CumulativeReporterBase11SectionNodeEEC2Ev:
    #####:  569:        Ptr() : m_p( CATCH_NULL ){}
------------------
_ZN5Catch3PtrINS_6ConfigEEC2Ev:
        1:  569:        Ptr() : m_p( CATCH_NULL ){}
------------------
_ZN5Catch3PtrINS_18IStreamingReporterEEC2Ev:
        2:  569:        Ptr() : m_p( CATCH_NULL ){}
------------------
_ZN5Catch3PtrINS_16TestCaseTracking8ITrackerEEC2Ev:
        1:  569:        Ptr() : m_p( CATCH_NULL ){}
------------------
      20*:  570:        Ptr( T* p ) : m_p( p ){
      20*:  571:            if( m_p )
      19*:  572:                m_p->addRef();
      20*:  573:        }
------------------
_ZN5Catch3PtrINS_16IReporterFactoryEEC2EPS1_:
        4:  570:        Ptr( T* p ) : m_p( p ){
        4:  571:            if( m_p )
        4:  572:                m_p->addRef();
        4:  573:        }
------------------
_ZN5Catch3PtrINS_22CumulativeReporterBase11SectionNodeEEC2EPS2_:
    #####:  570:        Ptr( T* p ) : m_p( p ){
    #####:  571:            if( m_p )
    #####:  572:                m_p->addRef();
    #####:  573:        }
------------------
_ZN5Catch3PtrINS_6ConfigEEC2EPS1_:
        1:  570:        Ptr( T* p ) : m_p( p ){
        1:  571:            if( m_p )
        1:  572:                m_p->addRef();
        1:  573:        }
------------------
_ZN5Catch3PtrINS_8TestSpec7PatternEEC2EPS2_:
        2:  570:        Ptr( T* p ) : m_p( p ){
        2:  571:            if( m_p )
        2:  572:                m_p->addRef();
        2:  573:        }
------------------
_ZN5Catch3PtrINS_22CumulativeReporterBase4NodeINS_12TestRunStatsENS2_INS_14TestGroupStatsENS2_INS_13TestCaseStatsENS1_11SectionNodeEEEEEEEEC2EPS9_:
    #####:  570:        Ptr( T* p ) : m_p( p ){
    #####:  571:            if( m_p )
    #####:  572:                m_p->addRef();
    #####:  573:        }
------------------
_ZN5Catch3PtrINS_22CumulativeReporterBase4NodeINS_14TestGroupStatsENS2_INS_13TestCaseStatsENS1_11SectionNodeEEEEEEC2EPS7_:
    #####:  570:        Ptr( T* p ) : m_p( p ){
    #####:  571:            if( m_p )
    #####:  572:                m_p->addRef();
    #####:  573:        }
------------------
_ZN5Catch3PtrINS_22CumulativeReporterBase4NodeINS_13TestCaseStatsENS1_11SectionNodeEEEEC2EPS5_:
    #####:  570:        Ptr( T* p ) : m_p( p ){
    #####:  571:            if( m_p )
    #####:  572:                m_p->addRef();
    #####:  573:        }
------------------
_ZN5Catch3PtrINS_9ITestCaseEEC2EPS1_:
        1:  570:        Ptr( T* p ) : m_p( p ){
        1:  571:            if( m_p )
        1:  572:                m_p->addRef();
        1:  573:        }
------------------
_ZN5Catch3PtrINS_18IStreamingReporterEEC2EPS1_:
        1:  570:        Ptr( T* p ) : m_p( p ){
        1:  571:            if( m_p )
        1:  572:                m_p->addRef();
        1:  573:        }
------------------
_ZN5Catch3PtrIKNS_7IConfigEEC2EPS2_:
        3:  570:        Ptr( T* p ) : m_p( p ){
        3:  571:            if( m_p )
        2:  572:                m_p->addRef();
        3:  573:        }
------------------
_ZN5Catch3PtrINS_16TestCaseTracking8ITrackerEEC2EPS2_:
        8:  570:        Ptr( T* p ) : m_p( p ){
        8:  571:            if( m_p )
        8:  572:                m_p->addRef();
        8:  573:        }
------------------
      46*:  574:        Ptr( Ptr const& other ) : m_p( other.m_p ){
      46*:  575:            if( m_p )
      46*:  576:                m_p->addRef();
      46*:  577:        }
------------------
_ZN5Catch3PtrINS_16TestCaseTracking8ITrackerEEC2ERKS3_:
       14:  574:        Ptr( Ptr const& other ) : m_p( other.m_p ){
       14:  575:            if( m_p )
       14:  576:                m_p->addRef();
       14:  577:        }
------------------
_ZN5Catch3PtrINS_22CumulativeReporterBase11SectionNodeEEC2ERKS3_:
    #####:  574:        Ptr( Ptr const& other ) : m_p( other.m_p ){
    #####:  575:            if( m_p )
    #####:  576:                m_p->addRef();
    #####:  577:        }
------------------
_ZN5Catch3PtrINS_16IReporterFactoryEEC2ERKS2_:
        8:  574:        Ptr( Ptr const& other ) : m_p( other.m_p ){
        8:  575:            if( m_p )
        8:  576:                m_p->addRef();
        8:  577:        }
------------------
_ZN5Catch3PtrINS_22CumulativeReporterBase4NodeINS_12TestRunStatsENS2_INS_14TestGroupStatsENS2_INS_13TestCaseStatsENS1_11SectionNodeEEEEEEEEC2ERKSA_:
    #####:  574:        Ptr( Ptr const& other ) : m_p( other.m_p ){
    #####:  575:            if( m_p )
    #####:  576:                m_p->addRef();
    #####:  577:        }
------------------
_ZN5Catch3PtrINS_22CumulativeReporterBase4NodeINS_14TestGroupStatsENS2_INS_13TestCaseStatsENS1_11SectionNodeEEEEEEC2ERKS8_:
    #####:  574:        Ptr( Ptr const& other ) : m_p( other.m_p ){
    #####:  575:            if( m_p )
    #####:  576:                m_p->addRef();
    #####:  577:        }
------------------
_ZN5Catch3PtrINS_22CumulativeReporterBase4NodeINS_13TestCaseStatsENS1_11SectionNodeEEEEC2ERKS6_:
    #####:  574:        Ptr( Ptr const& other ) : m_p( other.m_p ){
    #####:  575:            if( m_p )
    #####:  576:                m_p->addRef();
    #####:  577:        }
------------------
_ZN5Catch3PtrINS_9IReporterEEC2ERKS2_:
    #####:  574:        Ptr( Ptr const& other ) : m_p( other.m_p ){
    #####:  575:            if( m_p )
    #####:  576:                m_p->addRef();
    #####:  577:        }
------------------
_ZN5Catch3PtrINS_9ITestCaseEEC2ERKS2_:
        3:  574:        Ptr( Ptr const& other ) : m_p( other.m_p ){
        3:  575:            if( m_p )
        3:  576:                m_p->addRef();
        3:  577:        }
------------------
_ZN5Catch3PtrINS_18IStreamingReporterEEC2ERKS2_:
        6:  574:        Ptr( Ptr const& other ) : m_p( other.m_p ){
        6:  575:            if( m_p )
        6:  576:                m_p->addRef();
        6:  577:        }
------------------
_ZN5Catch3PtrIKNS_7IConfigEEC2ERKS3_:
       11:  574:        Ptr( Ptr const& other ) : m_p( other.m_p ){
       11:  575:            if( m_p )
       11:  576:                m_p->addRef();
       11:  577:        }
------------------
_ZN5Catch3PtrINS_8TestSpec7PatternEEC2ERKS3_:
        4:  574:        Ptr( Ptr const& other ) : m_p( other.m_p ){
        4:  575:            if( m_p )
        4:  576:                m_p->addRef();
        4:  577:        }
------------------
      70*:  578:        ~Ptr(){
      70*:  579:            if( m_p )
      65*:  580:                m_p->release();
      70*:  581:        }
------------------
_ZN5Catch3PtrINS_22CumulativeReporterBase4NodeINS_12TestRunStatsENS2_INS_14TestGroupStatsENS2_INS_13TestCaseStatsENS1_11SectionNodeEEEEEEEED2Ev:
    #####:  578:        ~Ptr(){
    #####:  579:            if( m_p )
    #####:  580:                m_p->release();
    #####:  581:        }
------------------
_ZN5Catch3PtrINS_22CumulativeReporterBase4NodeINS_14TestGroupStatsENS2_INS_13TestCaseStatsENS1_11SectionNodeEEEEEED2Ev:
    #####:  578:        ~Ptr(){
    #####:  579:            if( m_p )
    #####:  580:                m_p->release();
    #####:  581:        }
------------------
_ZN5Catch3PtrINS_22CumulativeReporterBase4NodeINS_13TestCaseStatsENS1_11SectionNodeEEEED2Ev:
    #####:  578:        ~Ptr(){
    #####:  579:            if( m_p )
    #####:  580:                m_p->release();
    #####:  581:        }
------------------
_ZN5Catch3PtrINS_22CumulativeReporterBase11SectionNodeEED2Ev:
    #####:  578:        ~Ptr(){
    #####:  579:            if( m_p )
    #####:  580:                m_p->release();
    #####:  581:        }
------------------
_ZN5Catch3PtrINS_9IReporterEED2Ev:
    #####:  578:        ~Ptr(){
    #####:  579:            if( m_p )
    #####:  580:                m_p->release();
    #####:  581:        }
------------------
_ZN5Catch3PtrINS_16IReporterFactoryEED2Ev:
       12:  578:        ~Ptr(){
       12:  579:            if( m_p )
       12:  580:                m_p->release();
       12:  581:        }
------------------
_ZN5Catch3PtrINS_9ITestCaseEED2Ev:
        4:  578:        ~Ptr(){
        4:  579:            if( m_p )
        4:  580:                m_p->release();
        4:  581:        }
------------------
_ZN5Catch3PtrINS_6ConfigEED2Ev:
        2:  578:        ~Ptr(){
        2:  579:            if( m_p )
        1:  580:                m_p->release();
        2:  581:        }
------------------
_ZN5Catch3PtrINS_18IStreamingReporterEED2Ev:
        9:  578:        ~Ptr(){
        9:  579:            if( m_p )
        7:  580:                m_p->release();
        9:  581:        }
------------------
_ZN5Catch3PtrINS_16TestCaseTracking8ITrackerEED2Ev:
       23:  578:        ~Ptr(){
       23:  579:            if( m_p )
       22:  580:                m_p->release();
       23:  581:        }
------------------
_ZN5Catch3PtrIKNS_7IConfigEED2Ev:
       14:  578:        ~Ptr(){
       14:  579:            if( m_p )
       13:  580:                m_p->release();
       14:  581:        }
------------------
_ZN5Catch3PtrINS_8TestSpec7PatternEED2Ev:
        6:  578:        ~Ptr(){
        6:  579:            if( m_p )
        6:  580:                m_p->release();
        6:  581:        }
------------------
       1*:  582:        void reset() {
       1*:  583:            if( m_p )
    #####:  584:                m_p->release();
       1*:  585:            m_p = CATCH_NULL;
       1*:  586:        }
------------------
_ZN5Catch3PtrINS_22CumulativeReporterBase11SectionNodeEE5resetEv:
    #####:  582:        void reset() {
    #####:  583:            if( m_p )
    #####:  584:                m_p->release();
    #####:  585:            m_p = CATCH_NULL;
    #####:  586:        }
------------------
_ZN5Catch3PtrINS_6ConfigEE5resetEv:
        1:  582:        void reset() {
        1:  583:            if( m_p )
    #####:  584:                m_p->release();
        1:  585:            m_p = CATCH_NULL;
        1:  586:        }
------------------
       3*:  587:        Ptr& operator = ( T* p ){
       3*:  588:            Ptr temp( p );
       3*:  589:            swap( temp );
       6*:  590:            return *this;
        -:  591:        }
------------------
_ZN5Catch3PtrINS_8TestSpec7PatternEEaSEPS2_:
        1:  587:        Ptr& operator = ( T* p ){
        1:  588:            Ptr temp( p );
        1:  589:            swap( temp );
        2:  590:            return *this;
        -:  591:        }
------------------
_ZN5Catch3PtrINS_22CumulativeReporterBase11SectionNodeEEaSEPS2_:
    #####:  587:        Ptr& operator = ( T* p ){
    #####:  588:            Ptr temp( p );
    #####:  589:            swap( temp );
    #####:  590:            return *this;
        -:  591:        }
------------------
_ZN5Catch3PtrINS_6ConfigEEaSEPS1_:
        1:  587:        Ptr& operator = ( T* p ){
        1:  588:            Ptr temp( p );
        1:  589:            swap( temp );
        2:  590:            return *this;
        -:  591:        }
------------------
_ZN5Catch3PtrINS_16TestCaseTracking8ITrackerEEaSEPS2_:
        1:  587:        Ptr& operator = ( T* p ){
        1:  588:            Ptr temp( p );
        1:  589:            swap( temp );
        2:  590:            return *this;
        -:  591:        }
------------------
       4*:  592:        Ptr& operator = ( Ptr const& other ){
       4*:  593:            Ptr temp( other );
       4*:  594:            swap( temp );
       8*:  595:            return *this;
        -:  596:        }
------------------
_ZN5Catch3PtrINS_22CumulativeReporterBase11SectionNodeEEaSERKS3_:
    #####:  592:        Ptr& operator = ( Ptr const& other ){
    #####:  593:            Ptr temp( other );
    #####:  594:            swap( temp );
    #####:  595:            return *this;
        -:  596:        }
------------------
_ZN5Catch3PtrIKNS_7IConfigEEaSERKS3_:
        1:  592:        Ptr& operator = ( Ptr const& other ){
        1:  593:            Ptr temp( other );
        1:  594:            swap( temp );
        2:  595:            return *this;
        -:  596:        }
------------------
_ZN5Catch3PtrINS_18IStreamingReporterEEaSERKS2_:
        3:  592:        Ptr& operator = ( Ptr const& other ){
        3:  593:            Ptr temp( other );
        3:  594:            swap( temp );
        6:  595:            return *this;
        -:  596:        }
------------------
       7*:  597:        void swap( Ptr& other ) { std::swap( m_p, other.m_p ); }
------------------
_ZN5Catch3PtrINS_8TestSpec7PatternEE4swapERS3_:
        1:  597:        void swap( Ptr& other ) { std::swap( m_p, other.m_p ); }
------------------
_ZN5Catch3PtrINS_22CumulativeReporterBase11SectionNodeEE4swapERS3_:
    #####:  597:        void swap( Ptr& other ) { std::swap( m_p, other.m_p ); }
------------------
_ZN5Catch3PtrIKNS_7IConfigEE4swapERS3_:
        1:  597:        void swap( Ptr& other ) { std::swap( m_p, other.m_p ); }
------------------
_ZN5Catch3PtrINS_6ConfigEE4swapERS2_:
        1:  597:        void swap( Ptr& other ) { std::swap( m_p, other.m_p ); }
------------------
_ZN5Catch3PtrINS_18IStreamingReporterEE4swapERS2_:
        3:  597:        void swap( Ptr& other ) { std::swap( m_p, other.m_p ); }
------------------
_ZN5Catch3PtrINS_16TestCaseTracking8ITrackerEE4swapERS3_:
        1:  597:        void swap( Ptr& other ) { std::swap( m_p, other.m_p ); }
------------------
_ZN5Catch3PtrINS_9ITestCaseEE4swapERS2_:
    #####:  597:        void swap( Ptr& other ) { std::swap( m_p, other.m_p ); }
------------------
      43*:  598:        T* get() const{ return m_p; }
------------------
_ZNK5Catch3PtrINS_9ITestCaseEE3getEv:
    #####:  598:        T* get() const{ return m_p; }
------------------
_ZNK5Catch3PtrINS_6ConfigEE3getEv:
        2:  598:        T* get() const{ return m_p; }
------------------
_ZNK5Catch3PtrINS_16TestCaseTracking8ITrackerEE3getEv:
       41:  598:        T* get() const{ return m_p; }
------------------
      12*:  599:        T& operator*() const { return *m_p; }
------------------
_ZNK5Catch3PtrINS_22CumulativeReporterBase4NodeINS_13TestCaseStatsENS1_11SectionNodeEEEEdeEv:
    #####:  599:        T& operator*() const { return *m_p; }
------------------
_ZNK5Catch3PtrINS_22CumulativeReporterBase4NodeINS_14TestGroupStatsENS2_INS_13TestCaseStatsENS1_11SectionNodeEEEEEEdeEv:
    #####:  599:        T& operator*() const { return *m_p; }
------------------
_ZNK5Catch3PtrINS_22CumulativeReporterBase11SectionNodeEEdeEv:
    #####:  599:        T& operator*() const { return *m_p; }
------------------
_ZNK5Catch3PtrINS_6ConfigEEdeEv:
        3:  599:        T& operator*() const { return *m_p; }
------------------
_ZNK5Catch3PtrIKNS_7IConfigEEdeEv:
        8:  599:        T& operator*() const { return *m_p; }
------------------
_ZNK5Catch3PtrINS_16TestCaseTracking8ITrackerEEdeEv:
        1:  599:        T& operator*() const { return *m_p; }
------------------
     246*:  600:        T* operator->() const { return m_p; }
------------------
_ZNK5Catch3PtrINS_22CumulativeReporterBase4NodeINS_12TestRunStatsENS2_INS_14TestGroupStatsENS2_INS_13TestCaseStatsENS1_11SectionNodeEEEEEEEEptEv:
    #####:  600:        T* operator->() const { return m_p; }
------------------
_ZNK5Catch3PtrINS_22CumulativeReporterBase4NodeINS_14TestGroupStatsENS2_INS_13TestCaseStatsENS1_11SectionNodeEEEEEEptEv:
    #####:  600:        T* operator->() const { return m_p; }
------------------
_ZNK5Catch3PtrINS_22CumulativeReporterBase4NodeINS_13TestCaseStatsENS1_11SectionNodeEEEEptEv:
    #####:  600:        T* operator->() const { return m_p; }
------------------
_ZNK5Catch3PtrINS_22CumulativeReporterBase11SectionNodeEEptEv:
    #####:  600:        T* operator->() const { return m_p; }
------------------
_ZNK5Catch3PtrINS_9IReporterEEptEv:
    #####:  600:        T* operator->() const { return m_p; }
------------------
_ZNK5Catch3PtrINS_9ITestCaseEEptEv:
        6:  600:        T* operator->() const { return m_p; }
------------------
_ZNK5Catch3PtrINS_6ConfigEEptEv:
        3:  600:        T* operator->() const { return m_p; }
------------------
_ZNK5Catch3PtrINS_18IStreamingReporterEEptEv:
       36:  600:        T* operator->() const { return m_p; }
------------------
_ZNK5Catch3PtrINS_16TestCaseTracking8ITrackerEEptEv:
      166:  600:        T* operator->() const { return m_p; }
------------------
_ZNK5Catch3PtrINS_16IReporterFactoryEEptEv:
        1:  600:        T* operator->() const { return m_p; }
------------------
_ZNK5Catch3PtrIKNS_7IConfigEEptEv:
       32:  600:        T* operator->() const { return m_p; }
------------------
_ZNK5Catch3PtrINS_8TestSpec7PatternEEptEv:
        2:  600:        T* operator->() const { return m_p; }
------------------
       3*:  601:        bool operator !() const { return m_p == CATCH_NULL; }
------------------
_ZNK5Catch3PtrINS_22CumulativeReporterBase11SectionNodeEEntEv:
    #####:  601:        bool operator !() const { return m_p == CATCH_NULL; }
------------------
_ZNK5Catch3PtrINS_6ConfigEEntEv:
        2:  601:        bool operator !() const { return m_p == CATCH_NULL; }
------------------
_ZNK5Catch3PtrINS_18IStreamingReporterEEntEv:
        1:  601:        bool operator !() const { return m_p == CATCH_NULL; }
------------------
       2*:  602:        operator SafeBool::type() const { return SafeBool::makeSafe( m_p != CATCH_NULL ); }
------------------
_ZNK5Catch3PtrINS_22CumulativeReporterBase11SectionNodeEEcvMNS_8SafeBoolEKFvvEEv:
    #####:  602:        operator SafeBool::type() const { return SafeBool::makeSafe( m_p != CATCH_NULL ); }
------------------
_ZNK5Catch3PtrINS_18IStreamingReporterEEcvMNS_8SafeBoolEKFvvEEv:
        1:  602:        operator SafeBool::type() const { return SafeBool::makeSafe( m_p != CATCH_NULL ); }
------------------
_ZNK5Catch3PtrIKNS_7IConfigEEcvMNS_8SafeBoolEKFvvEEv:
        1:  602:        operator SafeBool::type() const { return SafeBool::makeSafe( m_p != CATCH_NULL ); }
------------------
        -:  603:
        -:  604:    private:
        -:  605:        T* m_p;
        -:  606:    };
        -:  607:
        -:  608:    struct IShared : NonCopyable {
        -:  609:        virtual ~IShared();
        -:  610:        virtual void addRef() const = 0;
        -:  611:        virtual void release() const = 0;
        -:  612:    };
        -:  613:
        -:  614:    template<typename T = IShared>
        -:  615:    struct SharedImpl : T {
        -:  616:
       17:  617:        SharedImpl() : m_rc( 0 ){}
------------------
_ZN5Catch10SharedImplINS_16IReporterFactoryEEC2Ev:
        4:  617:        SharedImpl() : m_rc( 0 ){}
------------------
_ZN5Catch10SharedImplINS_18IStreamingReporterEEC2Ev:
        1:  617:        SharedImpl() : m_rc( 0 ){}
------------------
_ZN5Catch10SharedImplINS_9ITestCaseEEC2Ev:
        1:  617:        SharedImpl() : m_rc( 0 ){}
------------------
_ZN5Catch10SharedImplINS_7IConfigEEC2Ev:
        1:  617:        SharedImpl() : m_rc( 0 ){}
------------------
_ZN5Catch10SharedImplINS_7ISharedEEC2Ev:
       10:  617:        SharedImpl() : m_rc( 0 ){}
------------------
        -:  618:
       65:  619:        virtual void addRef() const {
       65:  620:            ++m_rc;
       65:  621:        }
------------------
_ZNK5Catch10SharedImplINS_18IStreamingReporterEE6addRefEv:
        7:  619:        virtual void addRef() const {
        7:  620:            ++m_rc;
        7:  621:        }
------------------
_ZNK5Catch10SharedImplINS_9ITestCaseEE6addRefEv:
        4:  619:        virtual void addRef() const {
        4:  620:            ++m_rc;
        4:  621:        }
------------------
_ZNK5Catch10SharedImplINS_16IReporterFactoryEE6addRefEv:
       12:  619:        virtual void addRef() const {
       12:  620:            ++m_rc;
       12:  621:        }
------------------
_ZNK5Catch10SharedImplINS_7IConfigEE6addRefEv:
       14:  619:        virtual void addRef() const {
       14:  620:            ++m_rc;
       14:  621:        }
------------------
_ZNK5Catch10SharedImplINS_7ISharedEE6addRefEv:
       28:  619:        virtual void addRef() const {
       28:  620:            ++m_rc;
       28:  621:        }
------------------
       65:  622:        virtual void release() const {
       65:  623:            if( --m_rc == 0 )
       17:  624:                delete this;
       65:  625:        }
------------------
_ZNK5Catch10SharedImplINS_18IStreamingReporterEE7releaseEv:
        7:  622:        virtual void release() const {
        7:  623:            if( --m_rc == 0 )
        1:  624:                delete this;
        7:  625:        }
------------------
_ZNK5Catch10SharedImplINS_9ITestCaseEE7releaseEv:
        4:  622:        virtual void release() const {
        4:  623:            if( --m_rc == 0 )
        1:  624:                delete this;
        4:  625:        }
------------------
_ZNK5Catch10SharedImplINS_16IReporterFactoryEE7releaseEv:
       12:  622:        virtual void release() const {
       12:  623:            if( --m_rc == 0 )
        4:  624:                delete this;
       12:  625:        }
------------------
_ZNK5Catch10SharedImplINS_7IConfigEE7releaseEv:
       14:  622:        virtual void release() const {
       14:  623:            if( --m_rc == 0 )
        1:  624:                delete this;
       14:  625:        }
------------------
_ZNK5Catch10SharedImplINS_7ISharedEE7releaseEv:
       28:  622:        virtual void release() const {
       28:  623:            if( --m_rc == 0 )
       10:  624:                delete this;
       28:  625:        }
------------------
        -:  626:
        -:  627:        mutable unsigned int m_rc;
        -:  628:    };
        -:  629:
        -:  630:} // end namespace Catch
        -:  631:
        -:  632:#ifdef __clang__
        -:  633:#pragma clang diagnostic pop
        -:  634:#endif
        -:  635:
        -:  636:namespace Catch {
        -:  637:
        -:  638:    class TestCase;
        -:  639:    class Stream;
        -:  640:    struct IResultCapture;
        -:  641:    struct IRunner;
        -:  642:    struct IGeneratorsForTest;
        -:  643:    struct IConfig;
        -:  644:
        -:  645:    struct IContext
        -:  646:    {
        -:  647:        virtual ~IContext();
        -:  648:
        -:  649:        virtual IResultCapture* getResultCapture() = 0;
        -:  650:        virtual IRunner* getRunner() = 0;
        -:  651:        virtual size_t getGeneratorIndex( std::string const& fileInfo, size_t totalSize ) = 0;
        -:  652:        virtual bool advanceGeneratorsForCurrentTest() = 0;
        -:  653:        virtual Ptr<IConfig const> getConfig() const = 0;
        -:  654:    };
        -:  655:
        -:  656:    struct IMutableContext : IContext
        -:  657:    {
        -:  658:        virtual ~IMutableContext();
        -:  659:        virtual void setResultCapture( IResultCapture* resultCapture ) = 0;
        -:  660:        virtual void setRunner( IRunner* runner ) = 0;
        -:  661:        virtual void setConfig( Ptr<IConfig const> const& config ) = 0;
        -:  662:    };
        -:  663:
        -:  664:    IContext& getCurrentContext();
        -:  665:    IMutableContext& getCurrentMutableContext();
        -:  666:    void cleanUpContext();
        -:  667:    Stream createStream( std::string const& streamName );
        -:  668:
        -:  669:}
        -:  670:
        -:  671:// #included from: internal/catch_test_registry.hpp
        -:  672:#define TWOBLUECUBES_CATCH_TEST_REGISTRY_HPP_INCLUDED
        -:  673:
        -:  674:// #included from: catch_interfaces_testcase.h
        -:  675:#define TWOBLUECUBES_CATCH_INTERFACES_TESTCASE_H_INCLUDED
        -:  676:
        -:  677:#include <vector>
        -:  678:
        -:  679:namespace Catch {
        -:  680:
        -:  681:    class TestSpec;
        -:  682:
        -:  683:    struct ITestCase : IShared {
        -:  684:        virtual void invoke () const = 0;
        -:  685:    protected:
        -:  686:        virtual ~ITestCase();
        -:  687:    };
        -:  688:
        -:  689:    class TestCase;
        -:  690:    struct IConfig;
        -:  691:
        -:  692:    struct ITestCaseRegistry {
        -:  693:        virtual ~ITestCaseRegistry();
        -:  694:        virtual std::vector<TestCase> const& getAllTests() const = 0;
        -:  695:        virtual std::vector<TestCase> const& getAllTestsSorted( IConfig const& config ) const = 0;
        -:  696:    };
        -:  697:
        -:  698:    bool matchTest( TestCase const& testCase, TestSpec const& testSpec, IConfig const& config );
        -:  699:    std::vector<TestCase> filterTests( std::vector<TestCase> const& testCases, TestSpec const& testSpec, IConfig const& config );
        -:  700:    std::vector<TestCase> const& getAllTestCasesSorted( IConfig const& config );
        -:  701:
        -:  702:}
        -:  703:
        -:  704:namespace Catch {
        -:  705:
        -:  706:template<typename C>
        -:  707:class MethodTestCase : public SharedImpl<ITestCase> {
        -:  708:
        -:  709:public:
        -:  710:    MethodTestCase( void (C::*method)() ) : m_method( method ) {}
        -:  711:
        -:  712:    virtual void invoke() const {
        -:  713:        C obj;
        -:  714:        (obj.*m_method)();
        -:  715:    }
        -:  716:
        -:  717:private:
        -:  718:    virtual ~MethodTestCase() {}
        -:  719:
        -:  720:    void (C::*m_method)();
        -:  721:};
        -:  722:
        -:  723:typedef void(*TestFunction)();
        -:  724:
        -:  725:struct NameAndDesc {
        1:  726:    NameAndDesc( const char* _name = "", const char* _description= "" )
        1:  727:    : name( _name ), description( _description )
        1:  728:    {}
        -:  729:
        -:  730:    const char* name;
        -:  731:    const char* description;
        -:  732:};
        -:  733:
        -:  734:void registerTestCase
        -:  735:    (   ITestCase* testCase,
        -:  736:        char const* className,
        -:  737:        NameAndDesc const& nameAndDesc,
        -:  738:        SourceLineInfo const& lineInfo );
        -:  739:
        -:  740:struct AutoReg {
        -:  741:
        -:  742:    AutoReg
        -:  743:        (   TestFunction function,
        -:  744:            SourceLineInfo const& lineInfo,
        -:  745:            NameAndDesc const& nameAndDesc );
        -:  746:
        -:  747:    template<typename C>
        -:  748:    AutoReg
        -:  749:        (   void (C::*method)(),
        -:  750:            char const* className,
        -:  751:            NameAndDesc const& nameAndDesc,
        -:  752:            SourceLineInfo const& lineInfo ) {
        -:  753:
        -:  754:        registerTestCase
        -:  755:            (   new MethodTestCase<C>( method ),
        -:  756:                className,
        -:  757:                nameAndDesc,
        -:  758:                lineInfo );
        -:  759:    }
        -:  760:
        -:  761:    ~AutoReg();
        -:  762:
        -:  763:private:
        -:  764:    AutoReg( AutoReg const& );
        -:  765:    void operator= ( AutoReg const& );
        -:  766:};
        -:  767:
        -:  768:void registerTestCaseFunction
        -:  769:    (   TestFunction function,
        -:  770:        SourceLineInfo const& lineInfo,
        -:  771:        NameAndDesc const& nameAndDesc );
        -:  772:
        -:  773:} // end namespace Catch
        -:  774:
        -:  775:#ifdef CATCH_CONFIG_VARIADIC_MACROS
        -:  776:    ///////////////////////////////////////////////////////////////////////////////
        -:  777:    #define INTERNAL_CATCH_TESTCASE2( TestName, ... ) \
        -:  778:        static void TestName(); \
        -:  779:        CATCH_INTERNAL_SUPPRESS_ETD_WARNINGS \
        -:  780:        namespace{ Catch::AutoReg INTERNAL_CATCH_UNIQUE_NAME( autoRegistrar )( &TestName, CATCH_INTERNAL_LINEINFO, Catch::NameAndDesc( __VA_ARGS__ ) ); } /* NOLINT */ \
        -:  781:        CATCH_INTERNAL_UNSUPPRESS_ETD_WARNINGS \
        -:  782:        static void TestName()
        -:  783:    #define INTERNAL_CATCH_TESTCASE( ... ) \
        -:  784:        INTERNAL_CATCH_TESTCASE2( INTERNAL_CATCH_UNIQUE_NAME( ____C_A_T_C_H____T_E_S_T____ ), __VA_ARGS__ )
        -:  785:
        -:  786:    ///////////////////////////////////////////////////////////////////////////////
        -:  787:    #define INTERNAL_CATCH_METHOD_AS_TEST_CASE( QualifiedMethod, ... ) \
        -:  788:        CATCH_INTERNAL_SUPPRESS_ETD_WARNINGS \
        -:  789:        namespace{ Catch::AutoReg INTERNAL_CATCH_UNIQUE_NAME( autoRegistrar )( &QualifiedMethod, "&" #QualifiedMethod, Catch::NameAndDesc( __VA_ARGS__ ), CATCH_INTERNAL_LINEINFO ); } /* NOLINT */ \
        -:  790:        CATCH_INTERNAL_UNSUPPRESS_ETD_WARNINGS
        -:  791:
        -:  792:    ///////////////////////////////////////////////////////////////////////////////
        -:  793:    #define INTERNAL_CATCH_TEST_CASE_METHOD2( TestName, ClassName, ... )\
        -:  794:        CATCH_INTERNAL_SUPPRESS_ETD_WARNINGS \
        -:  795:        namespace{ \
        -:  796:            struct TestName : ClassName{ \
        -:  797:                void test(); \
        -:  798:            }; \
        -:  799:            Catch::AutoReg INTERNAL_CATCH_UNIQUE_NAME( autoRegistrar ) ( &TestName::test, #ClassName, Catch::NameAndDesc( __VA_ARGS__ ), CATCH_INTERNAL_LINEINFO ); /* NOLINT */ \
        -:  800:        } \
        -:  801:        CATCH_INTERNAL_UNSUPPRESS_ETD_WARNINGS \
        -:  802:        void TestName::test()
        -:  803:    #define INTERNAL_CATCH_TEST_CASE_METHOD( ClassName, ... ) \
        -:  804:        INTERNAL_CATCH_TEST_CASE_METHOD2( INTERNAL_CATCH_UNIQUE_NAME( ____C_A_T_C_H____T_E_S_T____ ), ClassName, __VA_ARGS__ )
        -:  805:
        -:  806:    ///////////////////////////////////////////////////////////////////////////////
        -:  807:    #define INTERNAL_CATCH_REGISTER_TESTCASE( Function, ... ) \
        -:  808:        CATCH_INTERNAL_SUPPRESS_ETD_WARNINGS \
        -:  809:        Catch::AutoReg( Function, CATCH_INTERNAL_LINEINFO, Catch::NameAndDesc( __VA_ARGS__ ) ); /* NOLINT */ \
        -:  810:        CATCH_INTERNAL_UNSUPPRESS_ETD_WARNINGS
        -:  811:
        -:  812:#else
        -:  813:    ///////////////////////////////////////////////////////////////////////////////
        -:  814:    #define INTERNAL_CATCH_TESTCASE2( TestName, Name, Desc ) \
        -:  815:        static void TestName(); \
        -:  816:        CATCH_INTERNAL_SUPPRESS_ETD_WARNINGS \
        -:  817:        namespace{ Catch::AutoReg INTERNAL_CATCH_UNIQUE_NAME( autoRegistrar )( &TestName, CATCH_INTERNAL_LINEINFO, Catch::NameAndDesc( Name, Desc ) ); } /* NOLINT */ \
        -:  818:        CATCH_INTERNAL_UNSUPPRESS_ETD_WARNINGS \
        -:  819:        static void TestName()
        -:  820:    #define INTERNAL_CATCH_TESTCASE( Name, Desc ) \
        -:  821:        INTERNAL_CATCH_TESTCASE2( INTERNAL_CATCH_UNIQUE_NAME( ____C_A_T_C_H____T_E_S_T____ ), Name, Desc )
        -:  822:
        -:  823:    ///////////////////////////////////////////////////////////////////////////////
        -:  824:    #define INTERNAL_CATCH_METHOD_AS_TEST_CASE( QualifiedMethod, Name, Desc ) \
        -:  825:        CATCH_INTERNAL_SUPPRESS_ETD_WARNINGS \
        -:  826:        namespace{ Catch::AutoReg INTERNAL_CATCH_UNIQUE_NAME( autoRegistrar )( &QualifiedMethod, "&" #QualifiedMethod, Catch::NameAndDesc( Name, Desc ), CATCH_INTERNAL_LINEINFO ); } /* NOLINT */ \
        -:  827:        CATCH_INTERNAL_UNSUPPRESS_ETD_WARNINGS
        -:  828:
        -:  829:    ///////////////////////////////////////////////////////////////////////////////
        -:  830:    #define INTERNAL_CATCH_TEST_CASE_METHOD2( TestCaseName, ClassName, TestName, Desc )\
        -:  831:        CATCH_INTERNAL_SUPPRESS_ETD_WARNINGS \
        -:  832:        namespace{ \
        -:  833:            struct TestCaseName : ClassName{ \
        -:  834:                void test(); \
        -:  835:            }; \
        -:  836:            Catch::AutoReg INTERNAL_CATCH_UNIQUE_NAME( autoRegistrar ) ( &TestCaseName::test, #ClassName, Catch::NameAndDesc( TestName, Desc ), CATCH_INTERNAL_LINEINFO ); /* NOLINT */ \
        -:  837:        } \
        -:  838:        CATCH_INTERNAL_UNSUPPRESS_ETD_WARNINGS \
        -:  839:        void TestCaseName::test()
        -:  840:    #define INTERNAL_CATCH_TEST_CASE_METHOD( ClassName, TestName, Desc )\
        -:  841:        INTERNAL_CATCH_TEST_CASE_METHOD2( INTERNAL_CATCH_UNIQUE_NAME( ____C_A_T_C_H____T_E_S_T____ ), ClassName, TestName, Desc )
        -:  842:
        -:  843:    ///////////////////////////////////////////////////////////////////////////////
        -:  844:    #define INTERNAL_CATCH_REGISTER_TESTCASE( Function, Name, Desc ) \
        -:  845:        CATCH_INTERNAL_SUPPRESS_ETD_WARNINGS \
        -:  846:        Catch::AutoReg( Function, CATCH_INTERNAL_LINEINFO, Catch::NameAndDesc( Name, Desc ) ); /* NOLINT */ \
        -:  847:        CATCH_INTERNAL_UNSUPPRESS_ETD_WARNINGS
        -:  848:
        -:  849:#endif
        -:  850:
        -:  851:// #included from: internal/catch_capture.hpp
        -:  852:#define TWOBLUECUBES_CATCH_CAPTURE_HPP_INCLUDED
        -:  853:
        -:  854:// #included from: catch_result_builder.h
        -:  855:#define TWOBLUECUBES_CATCH_RESULT_BUILDER_H_INCLUDED
        -:  856:
        -:  857:// #included from: catch_result_type.h
        -:  858:#define TWOBLUECUBES_CATCH_RESULT_TYPE_H_INCLUDED
        -:  859:
        -:  860:namespace Catch {
        -:  861:
        -:  862:    // ResultWas::OfType enum
        -:  863:    struct ResultWas { enum OfType {
        -:  864:        Unknown = -1,
        -:  865:        Ok = 0,
        -:  866:        Info = 1,
        -:  867:        Warning = 2,
        -:  868:
        -:  869:        FailureBit = 0x10,
        -:  870:
        -:  871:        ExpressionFailed = FailureBit | 1,
        -:  872:        ExplicitFailure = FailureBit | 2,
        -:  873:
        -:  874:        Exception = 0x100 | FailureBit,
        -:  875:
        -:  876:        ThrewException = Exception | 1,
        -:  877:        DidntThrowException = Exception | 2,
        -:  878:
        -:  879:        FatalErrorCondition = 0x200 | FailureBit
        -:  880:
        -:  881:    }; };
        -:  882:
    #####:  883:    inline bool isOk( ResultWas::OfType resultType ) {
    #####:  884:        return ( resultType & ResultWas::FailureBit ) == 0;
        -:  885:    }
        -:  886:    inline bool isJustInfo( int flags ) {
        -:  887:        return flags == ResultWas::Info;
        -:  888:    }
        -:  889:
        -:  890:    // ResultDisposition::Flags enum
        -:  891:    struct ResultDisposition { enum Flags {
        -:  892:        Normal = 0x01,
        -:  893:
        -:  894:        ContinueOnFailure = 0x02,   // Failures fail test, but execution continues
        -:  895:        FalseTest = 0x04,           // Prefix expression with !
        -:  896:        SuppressFail = 0x08         // Failures are reported but do not fail the test
        -:  897:    }; };
        -:  898:
        -:  899:    inline ResultDisposition::Flags operator | ( ResultDisposition::Flags lhs, ResultDisposition::Flags rhs ) {
        -:  900:        return static_cast<ResultDisposition::Flags>( static_cast<int>( lhs ) | static_cast<int>( rhs ) );
        -:  901:    }
        -:  902:
        -:  903:    inline bool shouldContinueOnFailure( int flags )    { return ( flags & ResultDisposition::ContinueOnFailure ) != 0; }
        6:  904:    inline bool isFalseTest( int flags )                { return ( flags & ResultDisposition::FalseTest ) != 0; }
    #####:  905:    inline bool shouldSuppressFailure( int flags )      { return ( flags & ResultDisposition::SuppressFail ) != 0; }
        -:  906:
        -:  907:} // end namespace Catch
        -:  908:
        -:  909:// #included from: catch_assertionresult.h
        -:  910:#define TWOBLUECUBES_CATCH_ASSERTIONRESULT_H_INCLUDED
        -:  911:
        -:  912:#include <string>
        -:  913:
        -:  914:namespace Catch {
        -:  915:
        -:  916:    struct STATIC_ASSERT_Expression_Too_Complex_Please_Rewrite_As_Binary_Comparison;
        -:  917:
        -:  918:    struct DecomposedExpression
        -:  919:    {
      18*:  920:        virtual ~DecomposedExpression() {}
------------------
_ZN5Catch20DecomposedExpressionD0Ev:
    #####:  920:        virtual ~DecomposedExpression() {}
------------------
_ZN5Catch20DecomposedExpressionD2Ev:
       18:  920:        virtual ~DecomposedExpression() {}
------------------
    #####:  921:        virtual bool isBinaryExpression() const {
    #####:  922:            return false;
        -:  923:        }
        -:  924:        virtual void reconstructExpression( std::string& dest ) const = 0;
        -:  925:
        -:  926:        // Only simple binary comparisons can be decomposed.
        -:  927:        // If more complex check is required then wrap sub-expressions in parentheses.
        -:  928:        template<typename T> STATIC_ASSERT_Expression_Too_Complex_Please_Rewrite_As_Binary_Comparison& operator + ( T const& );
        -:  929:        template<typename T> STATIC_ASSERT_Expression_Too_Complex_Please_Rewrite_As_Binary_Comparison& operator - ( T const& );
        -:  930:        template<typename T> STATIC_ASSERT_Expression_Too_Complex_Please_Rewrite_As_Binary_Comparison& operator * ( T const& );
        -:  931:        template<typename T> STATIC_ASSERT_Expression_Too_Complex_Please_Rewrite_As_Binary_Comparison& operator / ( T const& );
        -:  932:        template<typename T> STATIC_ASSERT_Expression_Too_Complex_Please_Rewrite_As_Binary_Comparison& operator % ( T const& );
        -:  933:        template<typename T> STATIC_ASSERT_Expression_Too_Complex_Please_Rewrite_As_Binary_Comparison& operator && ( T const& );
        -:  934:        template<typename T> STATIC_ASSERT_Expression_Too_Complex_Please_Rewrite_As_Binary_Comparison& operator || ( T const& );
        -:  935:
        -:  936:    private:
        -:  937:        DecomposedExpression& operator = (DecomposedExpression const&);
        -:  938:    };
        -:  939:
        -:  940:    struct AssertionInfo
        -:  941:    {
        -:  942:        AssertionInfo();
        -:  943:        AssertionInfo(  char const * _macroName,
        -:  944:                        SourceLineInfo const& _lineInfo,
        -:  945:                        char const * _capturedExpression,
        -:  946:                        ResultDisposition::Flags _resultDisposition,
        -:  947:                        char const * _secondArg = "");
        -:  948:
        -:  949:        char const * macroName;
        -:  950:        SourceLineInfo lineInfo;
        -:  951:        char const * capturedExpression;
        -:  952:        ResultDisposition::Flags resultDisposition;
        -:  953:        char const * secondArg;
        -:  954:    };
        -:  955:
        -:  956:    struct AssertionResultData
        -:  957:    {
        7:  958:        AssertionResultData() : decomposedExpression( CATCH_NULL )
        -:  959:                              , resultType( ResultWas::Unknown )
        -:  960:                              , negated( false )
        7:  961:                              , parenthesized( false ) {}
        -:  962:
    #####:  963:        void negate( bool parenthesize ) {
    #####:  964:            negated = !negated;
    #####:  965:            parenthesized = parenthesize;
    #####:  966:            if( resultType == ResultWas::Ok )
    #####:  967:                resultType = ResultWas::ExpressionFailed;
    #####:  968:            else if( resultType == ResultWas::ExpressionFailed )
    #####:  969:                resultType = ResultWas::Ok;
    #####:  970:        }
        -:  971:
    #####:  972:        std::string const& reconstructExpression() const {
    #####:  973:            if( decomposedExpression != CATCH_NULL ) {
    #####:  974:                decomposedExpression->reconstructExpression( reconstructedExpression );
    #####:  975:                if( parenthesized ) {
    #####:  976:                    reconstructedExpression.insert( 0, 1, '(' );
    #####:  977:                    reconstructedExpression.append( 1, ')' );
        -:  978:                }
    #####:  979:                if( negated ) {
    #####:  980:                    reconstructedExpression.insert( 0, 1, '!' );
        -:  981:                }
    #####:  982:                decomposedExpression = CATCH_NULL;
        -:  983:            }
    #####:  984:            return reconstructedExpression;
        -:  985:        }
        -:  986:
        -:  987:        mutable DecomposedExpression const* decomposedExpression;
        -:  988:        mutable std::string reconstructedExpression;
        -:  989:        std::string message;
        -:  990:        ResultWas::OfType resultType;
        -:  991:        bool negated;
        -:  992:        bool parenthesized;
        -:  993:    };
        -:  994:
    #####:  995:    class AssertionResult {
        -:  996:    public:
        -:  997:        AssertionResult();
        -:  998:        AssertionResult( AssertionInfo const& info, AssertionResultData const& data );
        -:  999:        ~AssertionResult();
        -: 1000:#  ifdef CATCH_CONFIG_CPP11_GENERATED_METHODS
    #####: 1001:         AssertionResult( AssertionResult const& )              = default;
    #####: 1002:         AssertionResult( AssertionResult && )                  = default;
        -: 1003:         AssertionResult& operator = ( AssertionResult const& ) = default;
        -: 1004:         AssertionResult& operator = ( AssertionResult && )     = default;
        -: 1005:#  endif
        -: 1006:
        -: 1007:        bool isOk() const;
        -: 1008:        bool succeeded() const;
        -: 1009:        ResultWas::OfType getResultType() const;
        -: 1010:        bool hasExpression() const;
        -: 1011:        bool hasMessage() const;
        -: 1012:        std::string getExpression() const;
        -: 1013:        std::string getExpressionInMacro() const;
        -: 1014:        bool hasExpandedExpression() const;
        -: 1015:        std::string getExpandedExpression() const;
        -: 1016:        std::string getMessage() const;
        -: 1017:        SourceLineInfo getSourceInfo() const;
        -: 1018:        std::string getTestMacroName() const;
        -: 1019:        void discardDecomposedExpression() const;
        -: 1020:        void expandDecomposedExpression() const;
        -: 1021:
        -: 1022:    protected:
        -: 1023:        AssertionInfo m_info;
        -: 1024:        AssertionResultData m_resultData;
        -: 1025:    };
        -: 1026:
        -: 1027:} // end namespace Catch
        -: 1028:
        -: 1029:// #included from: catch_matchers.hpp
        -: 1030:#define TWOBLUECUBES_CATCH_MATCHERS_HPP_INCLUDED
        -: 1031:
        -: 1032:namespace Catch {
        -: 1033:namespace Matchers {
        -: 1034:    namespace Impl {
        -: 1035:
        -: 1036:        template<typename ArgT> struct MatchAllOf;
        -: 1037:        template<typename ArgT> struct MatchAnyOf;
        -: 1038:        template<typename ArgT> struct MatchNotOf;
        -: 1039:
        -: 1040:        class MatcherUntypedBase {
        -: 1041:        public:
    #####: 1042:            std::string toString() const {
    #####: 1043:                if( m_cachedToString.empty() )
    #####: 1044:                    m_cachedToString = describe();
    #####: 1045:                return m_cachedToString;
        -: 1046:            }
        -: 1047:
        -: 1048:        protected:
        -: 1049:            virtual ~MatcherUntypedBase();
        -: 1050:            virtual std::string describe() const = 0;
        -: 1051:            mutable std::string m_cachedToString;
        -: 1052:        private:
        -: 1053:            MatcherUntypedBase& operator = ( MatcherUntypedBase const& );
        -: 1054:        };
        -: 1055:
        -: 1056:        template<typename ObjectT>
        -: 1057:        struct MatcherMethod {
        -: 1058:            virtual bool match( ObjectT const& arg ) const = 0;
        -: 1059:        };
        -: 1060:        template<typename PtrT>
        -: 1061:        struct MatcherMethod<PtrT*> {
        -: 1062:            virtual bool match( PtrT* arg ) const = 0;
        -: 1063:        };
        -: 1064:
        -: 1065:        template<typename ObjectT, typename ComparatorT = ObjectT>
        -: 1066:        struct MatcherBase : MatcherUntypedBase, MatcherMethod<ObjectT> {
        -: 1067:
        -: 1068:            MatchAllOf<ComparatorT> operator && ( MatcherBase const& other ) const;
        -: 1069:            MatchAnyOf<ComparatorT> operator || ( MatcherBase const& other ) const;
        -: 1070:            MatchNotOf<ComparatorT> operator ! () const;
        -: 1071:        };
        -: 1072:
        -: 1073:        template<typename ArgT>
        -: 1074:        struct MatchAllOf : MatcherBase<ArgT> {
    #####: 1075:            virtual bool match( ArgT const& arg ) const CATCH_OVERRIDE {
    #####: 1076:                for( std::size_t i = 0; i < m_matchers.size(); ++i ) {
    #####: 1077:                    if (!m_matchers[i]->match(arg))
    #####: 1078:                        return false;
        -: 1079:                }
    #####: 1080:                return true;
        -: 1081:            }
    #####: 1082:            virtual std::string describe() const CATCH_OVERRIDE {
    #####: 1083:                std::string description;
    #####: 1084:                description.reserve( 4 + m_matchers.size()*32 );
    #####: 1085:                description += "( ";
    #####: 1086:                for( std::size_t i = 0; i < m_matchers.size(); ++i ) {
    #####: 1087:                    if( i != 0 )
    #####: 1088:                        description += " and ";
    #####: 1089:                    description += m_matchers[i]->toString();
        -: 1090:                }
    #####: 1091:                description += " )";
    #####: 1092:                return description;
        -: 1093:            }
        -: 1094:
        -: 1095:            MatchAllOf<ArgT>& operator && ( MatcherBase<ArgT> const& other ) {
        -: 1096:                m_matchers.push_back( &other );
        -: 1097:                return *this;
        -: 1098:            }
        -: 1099:
        -: 1100:            std::vector<MatcherBase<ArgT> const*> m_matchers;
        -: 1101:        };
        -: 1102:        template<typename ArgT>
        -: 1103:        struct MatchAnyOf : MatcherBase<ArgT> {
        -: 1104:
        -: 1105:            virtual bool match( ArgT const& arg ) const CATCH_OVERRIDE {
        -: 1106:                for( std::size_t i = 0; i < m_matchers.size(); ++i ) {
        -: 1107:                    if (m_matchers[i]->match(arg))
        -: 1108:                        return true;
        -: 1109:                }
        -: 1110:                return false;
        -: 1111:            }
        -: 1112:            virtual std::string describe() const CATCH_OVERRIDE {
        -: 1113:                std::string description;
        -: 1114:                description.reserve( 4 + m_matchers.size()*32 );
        -: 1115:                description += "( ";
        -: 1116:                for( std::size_t i = 0; i < m_matchers.size(); ++i ) {
        -: 1117:                    if( i != 0 )
        -: 1118:                        description += " or ";
        -: 1119:                    description += m_matchers[i]->toString();
        -: 1120:                }
        -: 1121:                description += " )";
        -: 1122:                return description;
        -: 1123:            }
        -: 1124:
        -: 1125:            MatchAnyOf<ArgT>& operator || ( MatcherBase<ArgT> const& other ) {
        -: 1126:                m_matchers.push_back( &other );
        -: 1127:                return *this;
        -: 1128:            }
        -: 1129:
        -: 1130:            std::vector<MatcherBase<ArgT> const*> m_matchers;
        -: 1131:        };
        -: 1132:
        -: 1133:        template<typename ArgT>
        -: 1134:        struct MatchNotOf : MatcherBase<ArgT> {
        -: 1135:
        -: 1136:            MatchNotOf( MatcherBase<ArgT> const& underlyingMatcher ) : m_underlyingMatcher( underlyingMatcher ) {}
        -: 1137:
        -: 1138:            virtual bool match( ArgT const& arg ) const CATCH_OVERRIDE {
        -: 1139:                return !m_underlyingMatcher.match( arg );
        -: 1140:            }
        -: 1141:
        -: 1142:            virtual std::string describe() const CATCH_OVERRIDE {
        -: 1143:                return "not " + m_underlyingMatcher.toString();
        -: 1144:            }
        -: 1145:            MatcherBase<ArgT> const& m_underlyingMatcher;
        -: 1146:        };
        -: 1147:
        -: 1148:        template<typename ObjectT, typename ComparatorT>
        -: 1149:        MatchAllOf<ComparatorT> MatcherBase<ObjectT, ComparatorT>::operator && ( MatcherBase const& other ) const {
[...]
------------------
        -:11438:
    #####:11439:    void Config::dummy() {}
        -:11440:
        -:11441:    namespace TestCaseTracking {
       8*:11442:        ITracker::~ITracker() {}
------------------
_ZN5Catch16TestCaseTracking8ITrackerD0Ev:
    #####:11442:        ITracker::~ITracker() {}
------------------
_ZN5Catch16TestCaseTracking8ITrackerD2Ev:
        8:11442:        ITracker::~ITracker() {}
------------------
       8*:11443:        TrackerBase::~TrackerBase() {}
------------------
_ZN5Catch16TestCaseTracking11TrackerBaseD0Ev:
    #####:11443:        TrackerBase::~TrackerBase() {}
------------------
_ZN5Catch16TestCaseTracking11TrackerBaseD2Ev:
        8:11443:        TrackerBase::~TrackerBase() {}
------------------
       16:11444:        SectionTracker::~SectionTracker() {}
------------------
_ZN5Catch16TestCaseTracking14SectionTrackerD0Ev:
        8:11444:        SectionTracker::~SectionTracker() {}
------------------
_ZN5Catch16TestCaseTracking14SectionTrackerD2Ev:
        8:11444:        SectionTracker::~SectionTracker() {}
------------------
    #####:11445:        IndexTracker::~IndexTracker() {}
------------------
_ZN5Catch16TestCaseTracking12IndexTrackerD0Ev:
    #####:11445:        IndexTracker::~IndexTracker() {}
------------------
_ZN5Catch16TestCaseTracking12IndexTrackerD2Ev:
    #####:11445:        IndexTracker::~IndexTracker() {}
------------------
        -:11446:    }
        -:11447:}
        -:11448:
        -:11449:#ifdef __clang__
        -:11450:#pragma clang diagnostic pop
        -:11451:#endif
        -:11452:
        -:11453:#endif
        -:11454:
        -:11455:#ifdef CATCH_CONFIG_MAIN
        -:11456:// #included from: internal/catch_default_main.hpp
        -:11457:#define TWOBLUECUBES_CATCH_DEFAULT_MAIN_HPP_INCLUDED
        -:11458:
        -:11459:#ifndef __OBJC__
        -:11460:
        -:11461:#if defined(WIN32) && defined(_UNICODE) && !defined(DO_NOT_USE_WMAIN)
        -:11462:// Standard C/C++ Win32 Unicode wmain entry point
        -:11463:extern "C" int wmain (int argc, wchar_t * argv[], wchar_t * []) {
        -:11464:#else
        -:11465:// Standard C/C++ main entry point
        1:11466:int main (int argc, char * argv[]) {
        -:11467:#endif
        -:11468:
        1:11469:    int result = Catch::Session().run( argc, argv );
        1:11470:    return ( result < 0xff ? result : 0xff );
        -:11471:}
        -:11472:
        -:11473:#else // __OBJC__
        -:11474:
        -:11475:// Objective-C entry point
        -:11476:int main (int argc, char * const argv[]) {
        -:11477:#if !CATCH_ARC_ENABLED
        -:11478:    NSAutoreleasePool * pool = [[NSAutoreleasePool alloc] init];
        -:11479:#endif
        -:11480:
        -:11481:    Catch::registerTestMethods();
        -:11482:    int result = Catch::Session().run( argc, (char* const*)argv );
        -:11483:
        -:11484:#if !CATCH_ARC_ENABLED
        -:11485:    [pool drain];
        -:11486:#endif
        -:11487:
        -:11488:    return ( result < 0xff ? result : 0xff );
        -:11489:}
        -:11490:
        -:11491:#endif // __OBJC__
        -:11492:
        -:11493:#endif
        -:11494:
        -:11495:#ifdef CLARA_CONFIG_MAIN_NOT_DEFINED
        -:11496:#  undef CLARA_CONFIG_MAIN
        -:11497:#endif
        -:11498:
        -:11499://////
        -:11500:
        -:11501:// If this config identifier is defined then all CATCH macros are prefixed with CATCH_
        -:11502:#ifdef CATCH_CONFIG_PREFIX_ALL
        -:11503:
        -:11504:#if defined(CATCH_CONFIG_FAST_COMPILE)
        -:11505:#define CATCH_REQUIRE( expr ) INTERNAL_CATCH_TEST_NO_TRY( "CATCH_REQUIRE", Catch::ResultDisposition::Normal, expr )
        -:11506:#define CATCH_REQUIRE_FALSE( expr ) INTERNAL_CATCH_TEST_NO_TRY( "CATCH_REQUIRE_FALSE", Catch::ResultDisposition::Normal | Catch::ResultDisposition::FalseTest, expr )
        -:11507:#else
        -:11508:#define CATCH_REQUIRE( expr ) INTERNAL_CATCH_TEST( "CATCH_REQUIRE", Catch::ResultDisposition::Normal, expr )
        -:11509:#define CATCH_REQUIRE_FALSE( expr ) INTERNAL_CATCH_TEST( "CATCH_REQUIRE_FALSE", Catch::ResultDisposition::Normal | Catch::ResultDisposition::FalseTest, expr  )
        -:11510:#endif
        -:11511:
        -:11512:#define CATCH_REQUIRE_THROWS( expr ) INTERNAL_CATCH_THROWS( "CATCH_REQUIRE_THROWS", Catch::ResultDisposition::Normal, "", expr )
        -:11513:#define CATCH_REQUIRE_THROWS_AS( expr, exceptionType ) INTERNAL_CATCH_THROWS_AS( "CATCH_REQUIRE_THROWS_AS", exceptionType, Catch::ResultDisposition::Normal, expr )
        -:11514:#define CATCH_REQUIRE_THROWS_WITH( expr, matcher ) INTERNAL_CATCH_THROWS( "CATCH_REQUIRE_THROWS_WITH", Catch::ResultDisposition::Normal, matcher, expr )
        -:11515:#define CATCH_REQUIRE_NOTHROW( expr ) INTERNAL_CATCH_NO_THROW( "CATCH_REQUIRE_NOTHROW", Catch::ResultDisposition::Normal, expr )
        -:11516:
        -:11517:#define CATCH_CHECK( expr ) INTERNAL_CATCH_TEST( "CATCH_CHECK", Catch::ResultDisposition::ContinueOnFailure, expr )
        -:11518:#define CATCH_CHECK_FALSE( expr ) INTERNAL_CATCH_TEST( "CATCH_CHECK_FALSE", Catch::ResultDisposition::ContinueOnFailure | Catch::ResultDisposition::FalseTest, expr )
        -:11519:#define CATCH_CHECKED_IF( expr ) INTERNAL_CATCH_IF( "CATCH_CHECKED_IF", Catch::ResultDisposition::ContinueOnFailure, expr )
        -:11520:#define CATCH_CHECKED_ELSE( expr ) INTERNAL_CATCH_ELSE( "CATCH_CHECKED_ELSE", Catch::ResultDisposition::ContinueOnFailure, expr )
        -:11521:#define CATCH_CHECK_NOFAIL( expr ) INTERNAL_CATCH_TEST( "CATCH_CHECK_NOFAIL", Catch::ResultDisposition::ContinueOnFailure | Catch::ResultDisposition::SuppressFail, expr )
        -:11522:
        -:11523:#define CATCH_CHECK_THROWS( expr )  INTERNAL_CATCH_THROWS( "CATCH_CHECK_THROWS", Catch::ResultDisposition::ContinueOnFailure, "", expr )
        -:11524:#define CATCH_CHECK_THROWS_AS( expr, exceptionType ) INTERNAL_CATCH_THROWS_AS( "CATCH_CHECK_THROWS_AS", exceptionType, Catch::ResultDisposition::ContinueOnFailure, expr )
        -:11525:#define CATCH_CHECK_THROWS_WITH( expr, matcher ) INTERNAL_CATCH_THROWS( "CATCH_CHECK_THROWS_WITH", Catch::ResultDisposition::ContinueOnFailure, matcher, expr )
        -:11526:#define CATCH_CHECK_NOTHROW( expr ) INTERNAL_CATCH_NO_THROW( "CATCH_CHECK_NOTHROW", Catch::ResultDisposition::ContinueOnFailure, expr )
        -:11527:
        -:11528:#define CATCH_CHECK_THAT( arg, matcher ) INTERNAL_CHECK_THAT( "CATCH_CHECK_THAT", matcher, Catch::ResultDisposition::ContinueOnFailure, arg )
        -:11529:
        -:11530:#if defined(CATCH_CONFIG_FAST_COMPILE)
        -:11531:#define CATCH_REQUIRE_THAT( arg, matcher ) INTERNAL_CHECK_THAT_NO_TRY( "CATCH_REQUIRE_THAT", matcher, Catch::ResultDisposition::Normal, arg )
        -:11532:#else
        -:11533:#define CATCH_REQUIRE_THAT( arg, matcher ) INTERNAL_CHECK_THAT( "CATCH_REQUIRE_THAT", matcher, Catch::ResultDisposition::Normal, arg )
        -:11534:#endif
        -:11535:
        -:11536:#define CATCH_INFO( msg ) INTERNAL_CATCH_INFO( "CATCH_INFO", msg )
        -:11537:#define CATCH_WARN( msg ) INTERNAL_CATCH_MSG( "CATCH_WARN", Catch::ResultWas::Warning, Catch::ResultDisposition::ContinueOnFailure, msg )
        -:11538:#define CATCH_SCOPED_INFO( msg ) INTERNAL_CATCH_INFO( "CATCH_INFO", msg )
        -:11539:#define CATCH_CAPTURE( msg ) INTERNAL_CATCH_INFO( "CATCH_CAPTURE", #msg " := " << Catch::toString(msg) )
        -:11540:#define CATCH_SCOPED_CAPTURE( msg ) INTERNAL_CATCH_INFO( "CATCH_CAPTURE", #msg " := " << Catch::toString(msg) )
        -:11541:
        -:11542:#ifdef CATCH_CONFIG_VARIADIC_MACROS
        -:11543:    #define CATCH_TEST_CASE( ... ) INTERNAL_CATCH_TESTCASE( __VA_ARGS__ )
        -:11544:    #define CATCH_TEST_CASE_METHOD( className, ... ) INTERNAL_CATCH_TEST_CASE_METHOD( className, __VA_ARGS__ )
        -:11545:    #define CATCH_METHOD_AS_TEST_CASE( method, ... ) INTERNAL_CATCH_METHOD_AS_TEST_CASE( method, __VA_ARGS__ )
        -:11546:    #define CATCH_REGISTER_TEST_CASE( Function, ... ) INTERNAL_CATCH_REGISTER_TESTCASE( Function, __VA_ARGS__ )
        -:11547:    #define CATCH_SECTION( ... ) INTERNAL_CATCH_SECTION( __VA_ARGS__ )
        -:11548:    #define CATCH_FAIL( ... ) INTERNAL_CATCH_MSG( "CATCH_FAIL", Catch::ResultWas::ExplicitFailure, Catch::ResultDisposition::Normal, __VA_ARGS__ )
        -:11549:    #define CATCH_FAIL_CHECK( ... ) INTERNAL_CATCH_MSG( "CATCH_FAIL_CHECK", Catch::ResultWas::ExplicitFailure, Catch::ResultDisposition::ContinueOnFailure, __VA_ARGS__ )
        -:11550:    #define CATCH_SUCCEED( ... ) INTERNAL_CATCH_MSG( "CATCH_SUCCEED", Catch::ResultWas::Ok, Catch::ResultDisposition::ContinueOnFailure, __VA_ARGS__ )
        -:11551:#else
        -:11552:    #define CATCH_TEST_CASE( name, description ) INTERNAL_CATCH_TESTCASE( name, description )
        -:11553:    #define CATCH_TEST_CASE_METHOD( className, name, description ) INTERNAL_CATCH_TEST_CASE_METHOD( className, name, description )
        -:11554:    #define CATCH_METHOD_AS_TEST_CASE( method, name, description ) INTERNAL_CATCH_METHOD_AS_TEST_CASE( method, name, description )
        -:11555:    #define CATCH_REGISTER_TEST_CASE( function, name, description ) INTERNAL_CATCH_REGISTER_TESTCASE( function, name, description )
        -:11556:    #define CATCH_SECTION( name, description ) INTERNAL_CATCH_SECTION( name, description )
        -:11557:    #define CATCH_FAIL( msg ) INTERNAL_CATCH_MSG( "CATCH_FAIL", Catch::ResultWas::ExplicitFailure, Catch::ResultDisposition::Normal, msg )
        -:11558:    #define CATCH_FAIL_CHECK( msg ) INTERNAL_CATCH_MSG( "CATCH_FAIL_CHECK", Catch::ResultWas::ExplicitFailure, Catch::ResultDisposition::ContinueOnFailure, msg )
        -:11559:    #define CATCH_SUCCEED( msg ) INTERNAL_CATCH_MSG( "CATCH_SUCCEED", Catch::ResultWas::Ok, Catch::ResultDisposition::ContinueOnFailure, msg )
        -:11560:#endif
        -:11561:#define CATCH_ANON_TEST_CASE() INTERNAL_CATCH_TESTCASE( "", "" )
        -:11562:
        -:11563:#define CATCH_REGISTER_REPORTER( name, reporterType ) INTERNAL_CATCH_REGISTER_REPORTER( name, reporterType )
        -:11564:#define CATCH_REGISTER_LEGACY_REPORTER( name, reporterType ) INTERNAL_CATCH_REGISTER_LEGACY_REPORTER( name, reporterType )
        -:11565:
        -:11566:#define CATCH_GENERATE( expr) INTERNAL_CATCH_GENERATE( expr )
        -:11567:
        -:11568:// "BDD-style" convenience wrappers
        -:11569:#ifdef CATCH_CONFIG_VARIADIC_MACROS
        -:11570:#define CATCH_SCENARIO( ... ) CATCH_TEST_CASE( "Scenario: " __VA_ARGS__ )
        -:11571:#define CATCH_SCENARIO_METHOD( className, ... ) INTERNAL_CATCH_TEST_CASE_METHOD( className, "Scenario: " __VA_ARGS__ )
        -:11572:#else
        -:11573:#define CATCH_SCENARIO( name, tags ) CATCH_TEST_CASE( "Scenario: " name, tags )
        -:11574:#define CATCH_SCENARIO_METHOD( className, name, tags ) INTERNAL_CATCH_TEST_CASE_METHOD( className, "Scenario: " name, tags )
        -:11575:#endif
        -:11576:#define CATCH_GIVEN( desc )    CATCH_SECTION( std::string( "Given: ") + desc, "" )
        -:11577:#define CATCH_WHEN( desc )     CATCH_SECTION( std::string( " When: ") + desc, "" )
        -:11578:#define CATCH_AND_WHEN( desc ) CATCH_SECTION( std::string( "  And: ") + desc, "" )
        -:11579:#define CATCH_THEN( desc )     CATCH_SECTION( std::string( " Then: ") + desc, "" )
        -:11580:#define CATCH_AND_THEN( desc ) CATCH_SECTION( std::string( "  And: ") + desc, "" )
        -:11581:
        -:11582:// If CATCH_CONFIG_PREFIX_ALL is not defined then the CATCH_ prefix is not required
        -:11583:#else
        -:11584:
        -:11585:#if defined(CATCH_CONFIG_FAST_COMPILE)
        -:11586:#define REQUIRE( expr ) INTERNAL_CATCH_TEST_NO_TRY( "REQUIRE", Catch::ResultDisposition::Normal, expr )
        -:11587:#define REQUIRE_FALSE( expr ) INTERNAL_CATCH_TEST_NO_TRY( "REQUIRE_FALSE", Catch::ResultDisposition::Normal | Catch::ResultDisposition::FalseTest, expr )
        -:11588:
        -:11589:#else
        -:11590:#define REQUIRE( expr ) INTERNAL_CATCH_TEST( "REQUIRE", Catch::ResultDisposition::Normal, expr  )
        -:11591:#define REQUIRE_FALSE( expr ) INTERNAL_CATCH_TEST( "REQUIRE_FALSE", Catch::ResultDisposition::Normal | Catch::ResultDisposition::FalseTest, expr )
        -:11592:#endif
        -:11593:
        -:11594:#define REQUIRE_THROWS( expr ) INTERNAL_CATCH_THROWS( "REQUIRE_THROWS", Catch::ResultDisposition::Normal, "", expr )
        -:11595:#define REQUIRE_THROWS_AS( expr, exceptionType ) INTERNAL_CATCH_THROWS_AS( "REQUIRE_THROWS_AS", exceptionType, Catch::ResultDisposition::Normal, expr )
        -:11596:#define REQUIRE_THROWS_WITH( expr, matcher ) INTERNAL_CATCH_THROWS( "REQUIRE_THROWS_WITH", Catch::ResultDisposition::Normal, matcher, expr )
        -:11597:#define REQUIRE_NOTHROW( expr ) INTERNAL_CATCH_NO_THROW( "REQUIRE_NOTHROW", Catch::ResultDisposition::Normal, expr )
        -:11598:
        -:11599:#define CHECK( expr ) INTERNAL_CATCH_TEST( "CHECK", Catch::ResultDisposition::ContinueOnFailure, expr )
        -:11600:#define CHECK_FALSE( expr ) INTERNAL_CATCH_TEST( "CHECK_FALSE", Catch::ResultDisposition::ContinueOnFailure | Catch::ResultDisposition::FalseTest, expr )
        -:11601:#define CHECKED_IF( expr ) INTERNAL_CATCH_IF( "CHECKED_IF", Catch::ResultDisposition::ContinueOnFailure, expr )
        -:11602:#define CHECKED_ELSE( expr ) INTERNAL_CATCH_ELSE( "CHECKED_ELSE", Catch::ResultDisposition::ContinueOnFailure, expr )
        -:11603:#define CHECK_NOFAIL( expr ) INTERNAL_CATCH_TEST( "CHECK_NOFAIL", Catch::ResultDisposition::ContinueOnFailure | Catch::ResultDisposition::SuppressFail, expr )
        -:11604:
        -:11605:#define CHECK_THROWS( expr )  INTERNAL_CATCH_THROWS( "CHECK_THROWS", Catch::ResultDisposition::ContinueOnFailure, "", expr )
        -:11606:#define CHECK_THROWS_AS( expr, exceptionType ) INTERNAL_CATCH_THROWS_AS( "CHECK_THROWS_AS", exceptionType, Catch::ResultDisposition::ContinueOnFailure, expr )
        -:11607:#define CHECK_THROWS_WITH( expr, matcher ) INTERNAL_CATCH_THROWS( "CHECK_THROWS_WITH", Catch::ResultDisposition::ContinueOnFailure, matcher, expr )
        -:11608:#define CHECK_NOTHROW( expr ) INTERNAL_CATCH_NO_THROW( "CHECK_NOTHROW", Catch::ResultDisposition::ContinueOnFailure, expr )
        -:11609:
        -:11610:#define CHECK_THAT( arg, matcher ) INTERNAL_CHECK_THAT( "CHECK_THAT", matcher, Catch::ResultDisposition::ContinueOnFailure, arg )
        -:11611:
        -:11612:#if defined(CATCH_CONFIG_FAST_COMPILE)
        -:11613:#define REQUIRE_THAT( arg, matcher ) INTERNAL_CHECK_THAT_NO_TRY( "REQUIRE_THAT", matcher, Catch::ResultDisposition::Normal, arg )
        -:11614:#else
        -:11615:#define REQUIRE_THAT( arg, matcher ) INTERNAL_CHECK_THAT( "REQUIRE_THAT", matcher, Catch::ResultDisposition::Normal, arg )
        -:11616:#endif
        -:11617:
        -:11618:#define INFO( msg ) INTERNAL_CATCH_INFO( "INFO", msg )
        -:11619:#define WARN( msg ) INTERNAL_CATCH_MSG( "WARN", Catch::ResultWas::Warning, Catch::ResultDisposition::ContinueOnFailure, msg )
        -:11620:#define SCOPED_INFO( msg ) INTERNAL_CATCH_INFO( "INFO", msg )
        -:11621:#define CAPTURE( msg ) INTERNAL_CATCH_INFO( "CAPTURE", #msg " := " << Catch::toString(msg) )
        -:11622:#define SCOPED_CAPTURE( msg ) INTERNAL_CATCH_INFO( "CAPTURE", #msg " := " << Catch::toString(msg) )
        -:11623:
        -:11624:#ifdef CATCH_CONFIG_VARIADIC_MACROS
        -:11625:#define TEST_CASE( ... ) INTERNAL_CATCH_TESTCASE( __VA_ARGS__ )
        -:11626:#define TEST_CASE_METHOD( className, ... ) INTERNAL_CATCH_TEST_CASE_METHOD( className, __VA_ARGS__ )
        -:11627:#define METHOD_AS_TEST_CASE( method, ... ) INTERNAL_CATCH_METHOD_AS_TEST_CASE( method, __VA_ARGS__ )
        -:11628:#define REGISTER_TEST_CASE( Function, ... ) INTERNAL_CATCH_REGISTER_TESTCASE( Function, __VA_ARGS__ )
        -:11629:#define SECTION( ... ) INTERNAL_CATCH_SECTION( __VA_ARGS__ )
        -:11630:#define FAIL( ... ) INTERNAL_CATCH_MSG( "FAIL", Catch::ResultWas::ExplicitFailure, Catch::ResultDisposition::Normal, __VA_ARGS__ )
        -:11631:#define FAIL_CHECK( ... ) INTERNAL_CATCH_MSG( "FAIL_CHECK", Catch::ResultWas::ExplicitFailure, Catch::ResultDisposition::ContinueOnFailure, __VA_ARGS__ )
        -:11632:#define SUCCEED( ... ) INTERNAL_CATCH_MSG( "SUCCEED", Catch::ResultWas::Ok, Catch::ResultDisposition::ContinueOnFailure, __VA_ARGS__ )
        -:11633:#else
        -:11634:#define TEST_CASE( name, description ) INTERNAL_CATCH_TESTCASE( name, description )
        -:11635:    #define TEST_CASE_METHOD( className, name, description ) INTERNAL_CATCH_TEST_CASE_METHOD( className, name, description )
        -:11636:    #define METHOD_AS_TEST_CASE( method, name, description ) INTERNAL_CATCH_METHOD_AS_TEST_CASE( method, name, description )
        -:11637:    #define REGISTER_TEST_CASE( method, name, description ) INTERNAL_CATCH_REGISTER_TESTCASE( method, name, description )
        -:11638:    #define SECTION( name, description ) INTERNAL_CATCH_SECTION( name, description )
        -:11639:    #define FAIL( msg ) INTERNAL_CATCH_MSG( "FAIL", Catch::ResultWas::ExplicitFailure, Catch::ResultDisposition::Normal, msg )
        -:11640:    #define FAIL_CHECK( msg ) INTERNAL_CATCH_MSG( "FAIL_CHECK", Catch::ResultWas::ExplicitFailure, Catch::ResultDisposition::ContinueOnFailure, msg )
        -:11641:    #define SUCCEED( msg ) INTERNAL_CATCH_MSG( "SUCCEED", Catch::ResultWas::Ok, Catch::ResultDisposition::ContinueOnFailure, msg )
        -:11642:#endif
        -:11643:#define ANON_TEST_CASE() INTERNAL_CATCH_TESTCASE( "", "" )
        -:11644:
        -:11645:#define REGISTER_REPORTER( name, reporterType ) INTERNAL_CATCH_REGISTER_REPORTER( name, reporterType )
        -:11646:#define REGISTER_LEGACY_REPORTER( name, reporterType ) INTERNAL_CATCH_REGISTER_LEGACY_REPORTER( name, reporterType )
        -:11647:
        -:11648:#define GENERATE( expr) INTERNAL_CATCH_GENERATE( expr )
        -:11649:
        -:11650:#endif
        -:11651:
        -:11652:#define CATCH_TRANSLATE_EXCEPTION( signature ) INTERNAL_CATCH_TRANSLATE_EXCEPTION( signature )
        -:11653:
        -:11654:// "BDD-style" convenience wrappers
        -:11655:#ifdef CATCH_CONFIG_VARIADIC_MACROS
        -:11656:#define SCENARIO( ... ) TEST_CASE( "Scenario: " __VA_ARGS__ )
        -:11657:#define SCENARIO_METHOD( className, ... ) INTERNAL_CATCH_TEST_CASE_METHOD( className, "Scenario: " __VA_ARGS__ )
        -:11658:#else
        -:11659:#define SCENARIO( name, tags ) TEST_CASE( "Scenario: " name, tags )
        -:11660:#define SCENARIO_METHOD( className, name, tags ) INTERNAL_CATCH_TEST_CASE_METHOD( className, "Scenario: " name, tags )
        -:11661:#endif
        -:11662:#define GIVEN( desc )    SECTION( std::string("   Given: ") + desc, "" )
        -:11663:#define WHEN( desc )     SECTION( std::string("    When: ") + desc, "" )
        -:11664:#define AND_WHEN( desc ) SECTION( std::string("And when: ") + desc, "" )
        -:11665:#define THEN( desc )     SECTION( std::string("    Then: ") + desc, "" )
        -:11666:#define AND_THEN( desc ) SECTION( std::string("     And: ") + desc, "" )
        -:11667:
        -:11668:using Catch::Detail::Approx;
        -:11669:
        -:11670:// #included from: internal/catch_reenable_warnings.h
        -:11671:
        -:11672:#define TWOBLUECUBES_CATCH_REENABLE_WARNINGS_H_INCLUDED
        -:11673:
        -:11674:#ifdef __clang__
        -:11675:#    ifdef __ICC // icpc defines the __clang__ macro
        -:11676:#        pragma warning(pop)
        -:11677:#    else
        -:11678:#        pragma clang diagnostic pop
        -:11679:#    endif
        -:11680:#elif defined __GNUC__
        -:11681:#    pragma GCC diagnostic pop
        -:11682:#endif
        -:11683:
        -:11684:#endif // TWOBLUECUBES_SINGLE_INCLUDE_CATCH_HPP_INCLUDED
        -:11685:
